#
# There is insufficient memory for the Java Runtime Environment to continue.
# Native memory allocation (mmap) failed to map 65536 bytes. Error detail: Failed to commit metaspace.
# Possible reasons:
#   The system is out of physical RAM or swap space
#   This process is running with CompressedOops enabled, and the Java Heap may be blocking the growth of the native heap
# Possible solutions:
#   Reduce memory load on the system
#   Increase physical memory or swap space
#   Check if swap backing store is full
#   Decrease Java heap size (-Xmx/-Xms)
#   Decrease number of Java threads
#   Decrease Java thread stack sizes (-Xss)
#   Set larger code cache with -XX:ReservedCodeCacheSize=
#   JVM is running with Unscaled Compressed Oops mode in which the Java heap is
#     placed in the first 4GB address space. The Java Heap base address is the
#     maximum limit for the native heap growth. Please use -XX:HeapBaseMinAddress
#     to set the Java Heap base and to place the Java Heap above 4GB virtual address.
# This output file may be truncated or incomplete.
#
#  Out of Memory Error (virtualSpaceNode.cpp:112), pid=20360, tid=12588
#
# JRE version: OpenJDK Runtime Environment (21.0.3) (build 21.0.3+-12282718-b509.11)
# Java VM: OpenJDK 64-Bit Server VM (21.0.3+-12282718-b509.11, mixed mode, tiered, compressed oops, compressed class ptrs, g1 gc, windows-amd64)
# No core dump will be written. Minidumps are not enabled by default on client versions of Windows
#

---------------  S U M M A R Y ------------

Command Line: --add-opens=java.base/java.util=ALL-UNNAMED --add-opens=java.base/java.lang=ALL-UNNAMED --add-opens=java.base/java.lang.invoke=ALL-UNNAMED --add-opens=java.prefs/java.util.prefs=ALL-UNNAMED --add-exports=jdk.compiler/com.sun.tools.javac.api=ALL-UNNAMED --add-exports=jdk.compiler/com.sun.tools.javac.util=ALL-UNNAMED --add-opens=java.base/java.nio.charset=ALL-UNNAMED --add-opens=java.base/java.net=ALL-UNNAMED --add-opens=java.base/java.util.concurrent.atomic=ALL-UNNAMED -Xmx2048m -Dfile.encoding=UTF-8 -Duser.country=RU -Duser.language=ru -Duser.variant -javaagent:C:\Users\Eagle\.gradle\wrapper\dists\gradle-8.9-bin\90cnw93cvbtalezasaz0blq0a\gradle-8.9\lib\agents\gradle-instrumentation-agent-8.9.jar org.gradle.launcher.daemon.bootstrap.GradleDaemon 8.9

Host: AMD Ryzen 9 4900H with Radeon Graphics         , 16 cores, 15G,  Windows 10 , 64 bit Build 19041 (10.0.19041.5438)
Time: Thu Feb 27 18:40:22 2025 RTZ 2 (s 10 , 64 bit Build 19041 (10.0.19041.5438) elapsed time: 1.467801 seconds (0d 0h 0m 1s)

---------------  T H R E A D  ---------------

Current thread (0x000001b442bdfe00):  VMThread "VM Thread"          [id=12588, stack(0x0000005882000000,0x0000005882100000) (1024K)]

Stack: [0x0000005882000000,0x0000005882100000]
Native frames: (J=compiled Java code, j=interpreted, Vv=VM code, C=native code)
V  [jvm.dll+0x6cafb9]
V  [jvm.dll+0x858523]
V  [jvm.dll+0x85aa7e]
V  [jvm.dll+0x85b163]
V  [jvm.dll+0x27d356]
V  [jvm.dll+0x8533fe]
V  [jvm.dll+0x66f385]
V  [jvm.dll+0x1e2941]
V  [jvm.dll+0x1e270e]
V  [jvm.dll+0x671cd8]
V  [jvm.dll+0x671b12]
V  [jvm.dll+0x224e5a]
V  [jvm.dll+0x37ce2f]
V  [jvm.dll+0x860ac8]
V  [jvm.dll+0x861bc4]
V  [jvm.dll+0x862100]
V  [jvm.dll+0x862393]
V  [jvm.dll+0x800d78]
V  [jvm.dll+0x6c98cd]
C  [ucrtbase.dll+0x21bb2]
C  [KERNEL32.DLL+0x17374]
C  [ntdll.dll+0x4cc91]

VM_Operation (0x0000005883bf9060): CollectForMetadataAllocation, mode: safepoint, requested by thread 0x000001b449677080


---------------  P R O C E S S  ---------------

Threads class SMR info:
_java_thread_list=0x000001b449664680, length=27, elements={
0x000001b4287a4ec0, 0x000001b442d0fd60, 0x000001b442d10a80, 0x000001b442d1a9e0,
0x000001b442d1b440, 0x000001b442cf6330, 0x000001b442cf6d90, 0x000001b442cf7b20,
0x000001b442cf85c0, 0x000001b442d7ac50, 0x000001b442e63690, 0x000001b442edc430,
0x000001b443368ad0, 0x000001b44332f680, 0x000001b4433b05f0, 0x000001b4433b0ca0,
0x000001b4489dfa70, 0x000001b44940cb10, 0x000001b4493c90f0, 0x000001b4494b03e0,
0x000001b4498dd350, 0x000001b449548300, 0x000001b4498fff20, 0x000001b449677080,
0x000001b449677da0, 0x000001b4496769f0, 0x000001b449678430
}

Java Threads: ( => current thread )
  0x000001b4287a4ec0 JavaThread "main"                              [_thread_blocked, id=22344, stack(0x0000005881900000,0x0000005881a00000) (1024K)]
  0x000001b442d0fd60 JavaThread "Reference Handler"          daemon [_thread_blocked, id=23300, stack(0x0000005882100000,0x0000005882200000) (1024K)]
  0x000001b442d10a80 JavaThread "Finalizer"                  daemon [_thread_blocked, id=21348, stack(0x0000005882200000,0x0000005882300000) (1024K)]
  0x000001b442d1a9e0 JavaThread "Signal Dispatcher"          daemon [_thread_blocked, id=6592, stack(0x0000005882300000,0x0000005882400000) (1024K)]
  0x000001b442d1b440 JavaThread "Attach Listener"            daemon [_thread_blocked, id=21136, stack(0x0000005882400000,0x0000005882500000) (1024K)]
  0x000001b442cf6330 JavaThread "Service Thread"             daemon [_thread_blocked, id=16584, stack(0x0000005882500000,0x0000005882600000) (1024K)]
  0x000001b442cf6d90 JavaThread "Monitor Deflation Thread"   daemon [_thread_blocked, id=20704, stack(0x0000005882600000,0x0000005882700000) (1024K)]
  0x000001b442cf7b20 JavaThread "C2 CompilerThread0"         daemon [_thread_blocked, id=9340, stack(0x0000005882700000,0x0000005882800000) (1024K)]
  0x000001b442cf85c0 JavaThread "C1 CompilerThread0"         daemon [_thread_blocked, id=2120, stack(0x0000005882800000,0x0000005882900000) (1024K)]
  0x000001b442d7ac50 JavaThread "Common-Cleaner"             daemon [_thread_blocked, id=19688, stack(0x0000005882900000,0x0000005882a00000) (1024K)]
  0x000001b442e63690 JavaThread "C1 CompilerThread1"         daemon [_thread_blocked, id=1612, stack(0x0000005882a00000,0x0000005882b00000) (1024K)]
  0x000001b442edc430 JavaThread "C1 CompilerThread2"         daemon [_thread_blocked, id=22548, stack(0x0000005882b00000,0x0000005882c00000) (1024K)]
  0x000001b443368ad0 JavaThread "Notification Thread"        daemon [_thread_blocked, id=2816, stack(0x0000005882c00000,0x0000005882d00000) (1024K)]
  0x000001b44332f680 JavaThread "C2 CompilerThread1"         daemon [_thread_blocked, id=11544, stack(0x0000005882d00000,0x0000005882e00000) (1024K)]
  0x000001b4433b05f0 JavaThread "C2 CompilerThread2"         daemon [_thread_blocked, id=7136, stack(0x0000005882e00000,0x0000005882f00000) (1024K)]
  0x000001b4433b0ca0 JavaThread "C2 CompilerThread3"         daemon [_thread_blocked, id=6564, stack(0x0000005882f00000,0x0000005883000000) (1024K)]
  0x000001b4489dfa70 JavaThread "C1 CompilerThread3"         daemon [_thread_blocked, id=2316, stack(0x0000005883400000,0x0000005883500000) (1024K)]
  0x000001b44940cb10 JavaThread "Daemon health stats"               [_thread_blocked, id=21752, stack(0x0000005883500000,0x0000005883600000) (1024K)]
  0x000001b4493c90f0 JavaThread "Incoming local TCP Connector on port 54432"        [_thread_in_native, id=20464, stack(0x0000005883600000,0x0000005883700000) (1024K)]
  0x000001b4494b03e0 JavaThread "Daemon periodic checks"            [_thread_blocked, id=23032, stack(0x0000005883700000,0x0000005883800000) (1024K)]
  0x000001b4498dd350 JavaThread "Daemon"                            [_thread_blocked, id=20440, stack(0x0000005883800000,0x0000005883900000) (1024K)]
  0x000001b449548300 JavaThread "Handler for socket connection from /127.0.0.1:54432 to /127.0.0.1:54433"        [_thread_in_native, id=23480, stack(0x0000005883900000,0x0000005883a00000) (1024K)]
  0x000001b4498fff20 JavaThread "Cancel handler"                    [_thread_blocked, id=23324, stack(0x0000005883a00000,0x0000005883b00000) (1024K)]
  0x000001b449677080 JavaThread "Daemon worker"                     [_thread_blocked, id=19648, stack(0x0000005883b00000,0x0000005883c00000) (1024K)]
  0x000001b449677da0 JavaThread "Asynchronous log dispatcher for DefaultDaemonConnection: socket connection from /127.0.0.1:54432 to /127.0.0.1:54433"        [_thread_blocked, id=4696, stack(0x0000005883c00000,0x0000005883d00000) (1024K)]
  0x000001b4496769f0 JavaThread "Stdin handler"                     [_thread_blocked, id=436, stack(0x0000005883d00000,0x0000005883e00000) (1024K)]
  0x000001b449678430 JavaThread "Daemon client event forwarder"        [_thread_blocked, id=20616, stack(0x0000005883e00000,0x0000005883f00000) (1024K)]
Total: 27

Other Threads:
=>0x000001b442bdfe00 VMThread "VM Thread"                           [id=12588, stack(0x0000005882000000,0x0000005882100000) (1024K)]
  0x000001b442c71b20 WatcherThread "VM Periodic Task Thread"        [id=8516, stack(0x0000005881f00000,0x0000005882000000) (1024K)]
  0x000001b42a9c81d0 WorkerThread "GC Thread#0"                     [id=16284, stack(0x0000005881a00000,0x0000005881b00000) (1024K)]
  0x000001b44357b4a0 WorkerThread "GC Thread#1"                     [id=312, stack(0x0000005883000000,0x0000005883100000) (1024K)]
  0x000001b443503980 WorkerThread "GC Thread#2"                     [id=18532, stack(0x0000005883100000,0x0000005883200000) (1024K)]
  0x000001b443503d20 WorkerThread "GC Thread#3"                     [id=5020, stack(0x0000005883200000,0x0000005883300000) (1024K)]
  0x000001b44820a2b0 WorkerThread "GC Thread#4"                     [id=20932, stack(0x0000005883300000,0x0000005883400000) (1024K)]
  0x000001b4496fcd70 WorkerThread "GC Thread#5"                     [id=2752, stack(0x0000005883f00000,0x0000005884000000) (1024K)]
  0x000001b4496fd850 WorkerThread "GC Thread#6"                     [id=21556, stack(0x0000005884000000,0x0000005884100000) (1024K)]
  0x000001b4496fc630 WorkerThread "GC Thread#7"                     [id=20660, stack(0x0000005884100000,0x0000005884200000) (1024K)]
  0x000001b4496fdbf0 WorkerThread "GC Thread#8"                     [id=22036, stack(0x0000005884200000,0x0000005884300000) (1024K)]
  0x000001b4496fc290 WorkerThread "GC Thread#9"                     [id=7056, stack(0x0000005884300000,0x0000005884400000) (1024K)]
  0x000001b4496fd4b0 WorkerThread "GC Thread#10"                    [id=18728, stack(0x0000005884400000,0x0000005884500000) (1024K)]
  0x000001b4496fc9d0 WorkerThread "GC Thread#11"                    [id=22788, stack(0x0000005884500000,0x0000005884600000) (1024K)]
  0x000001b42aa17010 ConcurrentGCThread "G1 Main Marker"            [id=21548, stack(0x0000005881b00000,0x0000005881c00000) (1024K)]
  0x000001b42aa17a20 WorkerThread "G1 Conc#0"                       [id=19396, stack(0x0000005881c00000,0x0000005881d00000) (1024K)]
  0x000001b4496fd110 WorkerThread "G1 Conc#1"                       [id=8004, stack(0x0000005884600000,0x0000005884700000) (1024K)]
  0x000001b44958a7f0 WorkerThread "G1 Conc#2"                       [id=18780, stack(0x0000005884700000,0x0000005884800000) (1024K)]
  0x000001b442ab4a50 ConcurrentGCThread "G1 Refine#0"               [id=19344, stack(0x0000005881d00000,0x0000005881e00000) (1024K)]
  0x000001b442ab53d0 ConcurrentGCThread "G1 Service"                [id=22964, stack(0x0000005881e00000,0x0000005881f00000) (1024K)]
Total: 20

Threads with active compile tasks:
Total: 0

VM state: at safepoint (normal execution)

VM Mutex/Monitor currently owned by a thread:  ([mutex/lock_event])
[0x00007ff96235fec8] Metaspace_lock - owner thread: 0x000001b442bdfe00
[0x00007ff9623620c8] Threads_lock - owner thread: 0x000001b442bdfe00
[0x00007ff9623621c8] Heap_lock - owner thread: 0x000001b449677080

Heap address: 0x0000000080000000, size: 2048 MB, Compressed Oops mode: 32-bit

CDS archive(s) not mapped
Compressed class space mapped at: 0x0000000100000000-0x0000000140000000, reserved size: 1073741824
Narrow klass base: 0x0000000000000000, Narrow klass shift: 3, Narrow klass range: 0x140000000

GC Precious Log:
 CardTable entry size: 512
 Card Set container configuration: InlinePtr #cards 5 size 8 Array Of Cards #cards 12 size 40 Howl #buckets 4 coarsen threshold 1843 Howl Bitmap #cards 512 size 80 coarsen threshold 460 Card regions per heap region 1 cards per card region 2048
 CPUs: 16 total, 16 available
 Memory: 15789M
 Large Page Support: Disabled
 NUMA Support: Disabled
 Compressed Oops: Enabled (32-bit)
 Heap Region Size: 1M
 Heap Min Capacity: 8M
 Heap Initial Capacity: 248M
 Heap Max Capacity: 2G
 Pre-touch: Disabled
 Parallel Workers: 13
 Concurrent Workers: 3
 Concurrent Refinement Workers: 13
 Periodic GC: Disabled

Heap:
 garbage-first heap   total 253952K, used 20636K [0x0000000080000000, 0x0000000100000000)
  region size 1024K, 10 young (10240K), 10 survivors (10240K)
 Metaspace       used 21176K, committed 21504K, reserved 1114112K
  class space    used 2450K, committed 2624K, reserved 1048576K

Heap Regions: E=young(eden), S=young(survivor), O=old, HS=humongous(starts), HC=humongous(continues), CS=collection set, F=free, TAMS=top-at-mark-start, PB=parsable bottom
|   0|0x0000000080000000, 0x0000000080100000, 0x0000000080100000|100%|HS|  |TAMS 0x0000000080100000| PB 0x0000000080000000| Complete 
|   1|0x0000000080100000, 0x0000000080200000, 0x0000000080200000|100%|HC|  |TAMS 0x0000000080200000| PB 0x0000000080100000| Complete 
|   2|0x0000000080200000, 0x0000000080300000, 0x0000000080300000|100%|HC|  |TAMS 0x0000000080300000| PB 0x0000000080200000| Complete 
|   3|0x0000000080300000, 0x0000000080400000, 0x0000000080400000|100%|HC|  |TAMS 0x0000000080400000| PB 0x0000000080300000| Complete 
|   4|0x0000000080400000, 0x0000000080500000, 0x0000000080500000|100%| O|  |TAMS 0x0000000080500000| PB 0x0000000080400000| Untracked 
|   5|0x0000000080500000, 0x0000000080600000, 0x0000000080600000|100%| O|  |TAMS 0x0000000080600000| PB 0x0000000080500000| Untracked 
|   6|0x0000000080600000, 0x0000000080700000, 0x0000000080700000|100%| O|  |TAMS 0x0000000080700000| PB 0x0000000080600000| Untracked 
|   7|0x0000000080700000, 0x0000000080800000, 0x0000000080800000|100%| O|  |TAMS 0x0000000080800000| PB 0x0000000080700000| Untracked 
|   8|0x0000000080800000, 0x0000000080900000, 0x0000000080900000|100%| O|  |TAMS 0x0000000080900000| PB 0x0000000080800000| Untracked 
|   9|0x0000000080900000, 0x00000000809f4718, 0x0000000080a00000| 95%| O|  |TAMS 0x00000000809f4718| PB 0x0000000080900000| Untracked 
|  10|0x0000000080a00000, 0x0000000080b00000, 0x0000000080b00000|100%|HS|  |TAMS 0x0000000080b00000| PB 0x0000000080a00000| Complete 
|  11|0x0000000080b00000, 0x0000000080b00000, 0x0000000080c00000|  0%| F|  |TAMS 0x0000000080b00000| PB 0x0000000080b00000| Untracked 
|  12|0x0000000080c00000, 0x0000000080c00000, 0x0000000080d00000|  0%| F|  |TAMS 0x0000000080c00000| PB 0x0000000080c00000| Untracked 
|  13|0x0000000080d00000, 0x0000000080d00000, 0x0000000080e00000|  0%| F|  |TAMS 0x0000000080d00000| PB 0x0000000080d00000| Untracked 
|  14|0x0000000080e00000, 0x0000000080e00000, 0x0000000080f00000|  0%| F|  |TAMS 0x0000000080e00000| PB 0x0000000080e00000| Untracked 
|  15|0x0000000080f00000, 0x0000000080f00000, 0x0000000081000000|  0%| F|  |TAMS 0x0000000080f00000| PB 0x0000000080f00000| Untracked 
|  16|0x0000000081000000, 0x0000000081000000, 0x0000000081100000|  0%| F|  |TAMS 0x0000000081000000| PB 0x0000000081000000| Untracked 
|  17|0x0000000081100000, 0x0000000081100000, 0x0000000081200000|  0%| F|  |TAMS 0x0000000081100000| PB 0x0000000081100000| Untracked 
|  18|0x0000000081200000, 0x0000000081200000, 0x0000000081300000|  0%| F|  |TAMS 0x0000000081200000| PB 0x0000000081200000| Untracked 
|  19|0x0000000081300000, 0x0000000081300000, 0x0000000081400000|  0%| F|  |TAMS 0x0000000081300000| PB 0x0000000081300000| Untracked 
|  20|0x0000000081400000, 0x0000000081400000, 0x0000000081500000|  0%| F|  |TAMS 0x0000000081400000| PB 0x0000000081400000| Untracked 
|  21|0x0000000081500000, 0x0000000081500000, 0x0000000081600000|  0%| F|  |TAMS 0x0000000081500000| PB 0x0000000081500000| Untracked 
|  22|0x0000000081600000, 0x0000000081600000, 0x0000000081700000|  0%| F|  |TAMS 0x0000000081600000| PB 0x0000000081600000| Untracked 
|  23|0x0000000081700000, 0x0000000081700000, 0x0000000081800000|  0%| F|  |TAMS 0x0000000081700000| PB 0x0000000081700000| Untracked 
|  24|0x0000000081800000, 0x0000000081800000, 0x0000000081900000|  0%| F|  |TAMS 0x0000000081800000| PB 0x0000000081800000| Untracked 
|  25|0x0000000081900000, 0x0000000081900000, 0x0000000081a00000|  0%| F|  |TAMS 0x0000000081900000| PB 0x0000000081900000| Untracked 
|  26|0x0000000081a00000, 0x0000000081a00000, 0x0000000081b00000|  0%| F|  |TAMS 0x0000000081a00000| PB 0x0000000081a00000| Untracked 
|  27|0x0000000081b00000, 0x0000000081b00000, 0x0000000081c00000|  0%| F|  |TAMS 0x0000000081b00000| PB 0x0000000081b00000| Untracked 
|  28|0x0000000081c00000, 0x0000000081c00000, 0x0000000081d00000|  0%| F|  |TAMS 0x0000000081c00000| PB 0x0000000081c00000| Untracked 
|  29|0x0000000081d00000, 0x0000000081d00000, 0x0000000081e00000|  0%| F|  |TAMS 0x0000000081d00000| PB 0x0000000081d00000| Untracked 
|  30|0x0000000081e00000, 0x0000000081e00000, 0x0000000081f00000|  0%| F|  |TAMS 0x0000000081e00000| PB 0x0000000081e00000| Untracked 
|  31|0x0000000081f00000, 0x0000000081f00000, 0x0000000082000000|  0%| F|  |TAMS 0x0000000081f00000| PB 0x0000000081f00000| Untracked 
|  32|0x0000000082000000, 0x0000000082000000, 0x0000000082100000|  0%| F|  |TAMS 0x0000000082000000| PB 0x0000000082000000| Untracked 
|  33|0x0000000082100000, 0x0000000082100000, 0x0000000082200000|  0%| F|  |TAMS 0x0000000082100000| PB 0x0000000082100000| Untracked 
|  34|0x0000000082200000, 0x0000000082200000, 0x0000000082300000|  0%| F|  |TAMS 0x0000000082200000| PB 0x0000000082200000| Untracked 
|  35|0x0000000082300000, 0x0000000082300000, 0x0000000082400000|  0%| F|  |TAMS 0x0000000082300000| PB 0x0000000082300000| Untracked 
|  36|0x0000000082400000, 0x0000000082400000, 0x0000000082500000|  0%| F|  |TAMS 0x0000000082400000| PB 0x0000000082400000| Untracked 
|  37|0x0000000082500000, 0x0000000082500000, 0x0000000082600000|  0%| F|  |TAMS 0x0000000082500000| PB 0x0000000082500000| Untracked 
|  38|0x0000000082600000, 0x0000000082600000, 0x0000000082700000|  0%| F|  |TAMS 0x0000000082600000| PB 0x0000000082600000| Untracked 
|  39|0x0000000082700000, 0x0000000082700000, 0x0000000082800000|  0%| F|  |TAMS 0x0000000082700000| PB 0x0000000082700000| Untracked 
|  40|0x0000000082800000, 0x0000000082800000, 0x0000000082900000|  0%| F|  |TAMS 0x0000000082800000| PB 0x0000000082800000| Untracked 
|  41|0x0000000082900000, 0x0000000082900000, 0x0000000082a00000|  0%| F|  |TAMS 0x0000000082900000| PB 0x0000000082900000| Untracked 
|  42|0x0000000082a00000, 0x0000000082a00000, 0x0000000082b00000|  0%| F|  |TAMS 0x0000000082a00000| PB 0x0000000082a00000| Untracked 
|  43|0x0000000082b00000, 0x0000000082b00000, 0x0000000082c00000|  0%| F|  |TAMS 0x0000000082b00000| PB 0x0000000082b00000| Untracked 
|  44|0x0000000082c00000, 0x0000000082c00000, 0x0000000082d00000|  0%| F|  |TAMS 0x0000000082c00000| PB 0x0000000082c00000| Untracked 
|  45|0x0000000082d00000, 0x0000000082d00000, 0x0000000082e00000|  0%| F|  |TAMS 0x0000000082d00000| PB 0x0000000082d00000| Untracked 
|  46|0x0000000082e00000, 0x0000000082e00000, 0x0000000082f00000|  0%| F|  |TAMS 0x0000000082e00000| PB 0x0000000082e00000| Untracked 
|  47|0x0000000082f00000, 0x0000000082f00000, 0x0000000083000000|  0%| F|  |TAMS 0x0000000082f00000| PB 0x0000000082f00000| Untracked 
|  48|0x0000000083000000, 0x0000000083000000, 0x0000000083100000|  0%| F|  |TAMS 0x0000000083000000| PB 0x0000000083000000| Untracked 
|  49|0x0000000083100000, 0x0000000083100000, 0x0000000083200000|  0%| F|  |TAMS 0x0000000083100000| PB 0x0000000083100000| Untracked 
|  50|0x0000000083200000, 0x0000000083200000, 0x0000000083300000|  0%| F|  |TAMS 0x0000000083200000| PB 0x0000000083200000| Untracked 
|  51|0x0000000083300000, 0x0000000083300000, 0x0000000083400000|  0%| F|  |TAMS 0x0000000083300000| PB 0x0000000083300000| Untracked 
|  52|0x0000000083400000, 0x0000000083400000, 0x0000000083500000|  0%| F|  |TAMS 0x0000000083400000| PB 0x0000000083400000| Untracked 
|  53|0x0000000083500000, 0x0000000083500000, 0x0000000083600000|  0%| F|  |TAMS 0x0000000083500000| PB 0x0000000083500000| Untracked 
|  54|0x0000000083600000, 0x0000000083600000, 0x0000000083700000|  0%| F|  |TAMS 0x0000000083600000| PB 0x0000000083600000| Untracked 
|  55|0x0000000083700000, 0x0000000083700000, 0x0000000083800000|  0%| F|  |TAMS 0x0000000083700000| PB 0x0000000083700000| Untracked 
|  56|0x0000000083800000, 0x0000000083800000, 0x0000000083900000|  0%| F|  |TAMS 0x0000000083800000| PB 0x0000000083800000| Untracked 
|  57|0x0000000083900000, 0x0000000083900000, 0x0000000083a00000|  0%| F|  |TAMS 0x0000000083900000| PB 0x0000000083900000| Untracked 
|  58|0x0000000083a00000, 0x0000000083a00000, 0x0000000083b00000|  0%| F|  |TAMS 0x0000000083a00000| PB 0x0000000083a00000| Untracked 
|  59|0x0000000083b00000, 0x0000000083b00000, 0x0000000083c00000|  0%| F|  |TAMS 0x0000000083b00000| PB 0x0000000083b00000| Untracked 
|  60|0x0000000083c00000, 0x0000000083c00000, 0x0000000083d00000|  0%| F|  |TAMS 0x0000000083c00000| PB 0x0000000083c00000| Untracked 
|  61|0x0000000083d00000, 0x0000000083d00000, 0x0000000083e00000|  0%| F|  |TAMS 0x0000000083d00000| PB 0x0000000083d00000| Untracked 
|  62|0x0000000083e00000, 0x0000000083e00000, 0x0000000083f00000|  0%| F|  |TAMS 0x0000000083e00000| PB 0x0000000083e00000| Untracked 
|  63|0x0000000083f00000, 0x0000000083f00000, 0x0000000084000000|  0%| F|  |TAMS 0x0000000083f00000| PB 0x0000000083f00000| Untracked 
|  64|0x0000000084000000, 0x0000000084000000, 0x0000000084100000|  0%| F|  |TAMS 0x0000000084000000| PB 0x0000000084000000| Untracked 
|  65|0x0000000084100000, 0x0000000084100000, 0x0000000084200000|  0%| F|  |TAMS 0x0000000084100000| PB 0x0000000084100000| Untracked 
|  66|0x0000000084200000, 0x0000000084200000, 0x0000000084300000|  0%| F|  |TAMS 0x0000000084200000| PB 0x0000000084200000| Untracked 
|  67|0x0000000084300000, 0x0000000084300000, 0x0000000084400000|  0%| F|  |TAMS 0x0000000084300000| PB 0x0000000084300000| Untracked 
|  68|0x0000000084400000, 0x0000000084400000, 0x0000000084500000|  0%| F|  |TAMS 0x0000000084400000| PB 0x0000000084400000| Untracked 
|  69|0x0000000084500000, 0x0000000084500000, 0x0000000084600000|  0%| F|  |TAMS 0x0000000084500000| PB 0x0000000084500000| Untracked 
|  70|0x0000000084600000, 0x0000000084600000, 0x0000000084700000|  0%| F|  |TAMS 0x0000000084600000| PB 0x0000000084600000| Untracked 
|  71|0x0000000084700000, 0x0000000084700000, 0x0000000084800000|  0%| F|  |TAMS 0x0000000084700000| PB 0x0000000084700000| Untracked 
|  72|0x0000000084800000, 0x0000000084800000, 0x0000000084900000|  0%| F|  |TAMS 0x0000000084800000| PB 0x0000000084800000| Untracked 
|  73|0x0000000084900000, 0x0000000084900000, 0x0000000084a00000|  0%| F|  |TAMS 0x0000000084900000| PB 0x0000000084900000| Untracked 
|  74|0x0000000084a00000, 0x0000000084a00000, 0x0000000084b00000|  0%| F|  |TAMS 0x0000000084a00000| PB 0x0000000084a00000| Untracked 
|  75|0x0000000084b00000, 0x0000000084b00000, 0x0000000084c00000|  0%| F|  |TAMS 0x0000000084b00000| PB 0x0000000084b00000| Untracked 
|  76|0x0000000084c00000, 0x0000000084c00000, 0x0000000084d00000|  0%| F|  |TAMS 0x0000000084c00000| PB 0x0000000084c00000| Untracked 
|  77|0x0000000084d00000, 0x0000000084d00000, 0x0000000084e00000|  0%| F|  |TAMS 0x0000000084d00000| PB 0x0000000084d00000| Untracked 
|  78|0x0000000084e00000, 0x0000000084e00000, 0x0000000084f00000|  0%| F|  |TAMS 0x0000000084e00000| PB 0x0000000084e00000| Untracked 
|  79|0x0000000084f00000, 0x0000000084f00000, 0x0000000085000000|  0%| F|  |TAMS 0x0000000084f00000| PB 0x0000000084f00000| Untracked 
|  80|0x0000000085000000, 0x0000000085000000, 0x0000000085100000|  0%| F|  |TAMS 0x0000000085000000| PB 0x0000000085000000| Untracked 
|  81|0x0000000085100000, 0x0000000085100000, 0x0000000085200000|  0%| F|  |TAMS 0x0000000085100000| PB 0x0000000085100000| Untracked 
|  82|0x0000000085200000, 0x0000000085200000, 0x0000000085300000|  0%| F|  |TAMS 0x0000000085200000| PB 0x0000000085200000| Untracked 
|  83|0x0000000085300000, 0x0000000085300000, 0x0000000085400000|  0%| F|  |TAMS 0x0000000085300000| PB 0x0000000085300000| Untracked 
|  84|0x0000000085400000, 0x0000000085400000, 0x0000000085500000|  0%| F|  |TAMS 0x0000000085400000| PB 0x0000000085400000| Untracked 
|  85|0x0000000085500000, 0x0000000085500000, 0x0000000085600000|  0%| F|  |TAMS 0x0000000085500000| PB 0x0000000085500000| Untracked 
|  86|0x0000000085600000, 0x0000000085600000, 0x0000000085700000|  0%| F|  |TAMS 0x0000000085600000| PB 0x0000000085600000| Untracked 
|  87|0x0000000085700000, 0x0000000085700000, 0x0000000085800000|  0%| F|  |TAMS 0x0000000085700000| PB 0x0000000085700000| Untracked 
|  88|0x0000000085800000, 0x0000000085800000, 0x0000000085900000|  0%| F|  |TAMS 0x0000000085800000| PB 0x0000000085800000| Untracked 
|  89|0x0000000085900000, 0x0000000085900000, 0x0000000085a00000|  0%| F|  |TAMS 0x0000000085900000| PB 0x0000000085900000| Untracked 
|  90|0x0000000085a00000, 0x0000000085a00000, 0x0000000085b00000|  0%| F|  |TAMS 0x0000000085a00000| PB 0x0000000085a00000| Untracked 
|  91|0x0000000085b00000, 0x0000000085b00000, 0x0000000085c00000|  0%| F|  |TAMS 0x0000000085b00000| PB 0x0000000085b00000| Untracked 
|  92|0x0000000085c00000, 0x0000000085c00000, 0x0000000085d00000|  0%| F|  |TAMS 0x0000000085c00000| PB 0x0000000085c00000| Untracked 
|  93|0x0000000085d00000, 0x0000000085d00000, 0x0000000085e00000|  0%| F|  |TAMS 0x0000000085d00000| PB 0x0000000085d00000| Untracked 
|  94|0x0000000085e00000, 0x0000000085e00000, 0x0000000085f00000|  0%| F|  |TAMS 0x0000000085e00000| PB 0x0000000085e00000| Untracked 
|  95|0x0000000085f00000, 0x0000000085f00000, 0x0000000086000000|  0%| F|  |TAMS 0x0000000085f00000| PB 0x0000000085f00000| Untracked 
|  96|0x0000000086000000, 0x0000000086000000, 0x0000000086100000|  0%| F|  |TAMS 0x0000000086000000| PB 0x0000000086000000| Untracked 
|  97|0x0000000086100000, 0x0000000086100000, 0x0000000086200000|  0%| F|  |TAMS 0x0000000086100000| PB 0x0000000086100000| Untracked 
|  98|0x0000000086200000, 0x0000000086200000, 0x0000000086300000|  0%| F|  |TAMS 0x0000000086200000| PB 0x0000000086200000| Untracked 
|  99|0x0000000086300000, 0x0000000086300000, 0x0000000086400000|  0%| F|  |TAMS 0x0000000086300000| PB 0x0000000086300000| Untracked 
| 100|0x0000000086400000, 0x0000000086400000, 0x0000000086500000|  0%| F|  |TAMS 0x0000000086400000| PB 0x0000000086400000| Untracked 
| 101|0x0000000086500000, 0x0000000086500000, 0x0000000086600000|  0%| F|  |TAMS 0x0000000086500000| PB 0x0000000086500000| Untracked 
| 102|0x0000000086600000, 0x0000000086600000, 0x0000000086700000|  0%| F|  |TAMS 0x0000000086600000| PB 0x0000000086600000| Untracked 
| 103|0x0000000086700000, 0x0000000086700000, 0x0000000086800000|  0%| F|  |TAMS 0x0000000086700000| PB 0x0000000086700000| Untracked 
| 104|0x0000000086800000, 0x0000000086800000, 0x0000000086900000|  0%| F|  |TAMS 0x0000000086800000| PB 0x0000000086800000| Untracked 
| 105|0x0000000086900000, 0x0000000086900000, 0x0000000086a00000|  0%| F|  |TAMS 0x0000000086900000| PB 0x0000000086900000| Untracked 
| 106|0x0000000086a00000, 0x0000000086a00000, 0x0000000086b00000|  0%| F|  |TAMS 0x0000000086a00000| PB 0x0000000086a00000| Untracked 
| 107|0x0000000086b00000, 0x0000000086b00000, 0x0000000086c00000|  0%| F|  |TAMS 0x0000000086b00000| PB 0x0000000086b00000| Untracked 
| 108|0x0000000086c00000, 0x0000000086c00000, 0x0000000086d00000|  0%| F|  |TAMS 0x0000000086c00000| PB 0x0000000086c00000| Untracked 
| 109|0x0000000086d00000, 0x0000000086d00000, 0x0000000086e00000|  0%| F|  |TAMS 0x0000000086d00000| PB 0x0000000086d00000| Untracked 
| 110|0x0000000086e00000, 0x0000000086e00000, 0x0000000086f00000|  0%| F|  |TAMS 0x0000000086e00000| PB 0x0000000086e00000| Untracked 
| 111|0x0000000086f00000, 0x0000000086f00000, 0x0000000087000000|  0%| F|  |TAMS 0x0000000086f00000| PB 0x0000000086f00000| Untracked 
| 112|0x0000000087000000, 0x0000000087000000, 0x0000000087100000|  0%| F|  |TAMS 0x0000000087000000| PB 0x0000000087000000| Untracked 
| 113|0x0000000087100000, 0x0000000087100000, 0x0000000087200000|  0%| F|  |TAMS 0x0000000087100000| PB 0x0000000087100000| Untracked 
| 114|0x0000000087200000, 0x0000000087200000, 0x0000000087300000|  0%| F|  |TAMS 0x0000000087200000| PB 0x0000000087200000| Untracked 
| 115|0x0000000087300000, 0x0000000087300000, 0x0000000087400000|  0%| F|  |TAMS 0x0000000087300000| PB 0x0000000087300000| Untracked 
| 116|0x0000000087400000, 0x0000000087400000, 0x0000000087500000|  0%| F|  |TAMS 0x0000000087400000| PB 0x0000000087400000| Untracked 
| 117|0x0000000087500000, 0x0000000087500000, 0x0000000087600000|  0%| F|  |TAMS 0x0000000087500000| PB 0x0000000087500000| Untracked 
| 118|0x0000000087600000, 0x0000000087600000, 0x0000000087700000|  0%| F|  |TAMS 0x0000000087600000| PB 0x0000000087600000| Untracked 
| 119|0x0000000087700000, 0x0000000087700000, 0x0000000087800000|  0%| F|  |TAMS 0x0000000087700000| PB 0x0000000087700000| Untracked 
| 120|0x0000000087800000, 0x0000000087800000, 0x0000000087900000|  0%| F|  |TAMS 0x0000000087800000| PB 0x0000000087800000| Untracked 
| 121|0x0000000087900000, 0x0000000087900000, 0x0000000087a00000|  0%| F|  |TAMS 0x0000000087900000| PB 0x0000000087900000| Untracked 
| 122|0x0000000087a00000, 0x0000000087a00000, 0x0000000087b00000|  0%| F|  |TAMS 0x0000000087a00000| PB 0x0000000087a00000| Untracked 
| 123|0x0000000087b00000, 0x0000000087b00000, 0x0000000087c00000|  0%| F|  |TAMS 0x0000000087b00000| PB 0x0000000087b00000| Untracked 
| 124|0x0000000087c00000, 0x0000000087c00000, 0x0000000087d00000|  0%| F|  |TAMS 0x0000000087c00000| PB 0x0000000087c00000| Untracked 
| 125|0x0000000087d00000, 0x0000000087d00000, 0x0000000087e00000|  0%| F|  |TAMS 0x0000000087d00000| PB 0x0000000087d00000| Untracked 
| 126|0x0000000087e00000, 0x0000000087e00000, 0x0000000087f00000|  0%| F|  |TAMS 0x0000000087e00000| PB 0x0000000087e00000| Untracked 
| 127|0x0000000087f00000, 0x0000000087f00000, 0x0000000088000000|  0%| F|  |TAMS 0x0000000087f00000| PB 0x0000000087f00000| Untracked 
| 128|0x0000000088000000, 0x0000000088000000, 0x0000000088100000|  0%| F|  |TAMS 0x0000000088000000| PB 0x0000000088000000| Untracked 
| 129|0x0000000088100000, 0x0000000088100000, 0x0000000088200000|  0%| F|  |TAMS 0x0000000088100000| PB 0x0000000088100000| Untracked 
| 130|0x0000000088200000, 0x0000000088200000, 0x0000000088300000|  0%| F|  |TAMS 0x0000000088200000| PB 0x0000000088200000| Untracked 
| 131|0x0000000088300000, 0x0000000088300000, 0x0000000088400000|  0%| F|  |TAMS 0x0000000088300000| PB 0x0000000088300000| Untracked 
| 132|0x0000000088400000, 0x0000000088400000, 0x0000000088500000|  0%| F|  |TAMS 0x0000000088400000| PB 0x0000000088400000| Untracked 
| 133|0x0000000088500000, 0x0000000088500000, 0x0000000088600000|  0%| F|  |TAMS 0x0000000088500000| PB 0x0000000088500000| Untracked 
| 134|0x0000000088600000, 0x0000000088600000, 0x0000000088700000|  0%| F|  |TAMS 0x0000000088600000| PB 0x0000000088600000| Untracked 
| 135|0x0000000088700000, 0x0000000088700000, 0x0000000088800000|  0%| F|  |TAMS 0x0000000088700000| PB 0x0000000088700000| Untracked 
| 136|0x0000000088800000, 0x0000000088800000, 0x0000000088900000|  0%| F|  |TAMS 0x0000000088800000| PB 0x0000000088800000| Untracked 
| 137|0x0000000088900000, 0x0000000088900000, 0x0000000088a00000|  0%| F|  |TAMS 0x0000000088900000| PB 0x0000000088900000| Untracked 
| 138|0x0000000088a00000, 0x0000000088a00000, 0x0000000088b00000|  0%| F|  |TAMS 0x0000000088a00000| PB 0x0000000088a00000| Untracked 
| 139|0x0000000088b00000, 0x0000000088b00000, 0x0000000088c00000|  0%| F|  |TAMS 0x0000000088b00000| PB 0x0000000088b00000| Untracked 
| 140|0x0000000088c00000, 0x0000000088c00000, 0x0000000088d00000|  0%| F|  |TAMS 0x0000000088c00000| PB 0x0000000088c00000| Untracked 
| 141|0x0000000088d00000, 0x0000000088d00000, 0x0000000088e00000|  0%| F|  |TAMS 0x0000000088d00000| PB 0x0000000088d00000| Untracked 
| 142|0x0000000088e00000, 0x0000000088e00000, 0x0000000088f00000|  0%| F|  |TAMS 0x0000000088e00000| PB 0x0000000088e00000| Untracked 
| 143|0x0000000088f00000, 0x0000000088f00000, 0x0000000089000000|  0%| F|  |TAMS 0x0000000088f00000| PB 0x0000000088f00000| Untracked 
| 144|0x0000000089000000, 0x0000000089000000, 0x0000000089100000|  0%| F|  |TAMS 0x0000000089000000| PB 0x0000000089000000| Untracked 
| 145|0x0000000089100000, 0x0000000089100000, 0x0000000089200000|  0%| F|  |TAMS 0x0000000089100000| PB 0x0000000089100000| Untracked 
| 146|0x0000000089200000, 0x0000000089200000, 0x0000000089300000|  0%| F|  |TAMS 0x0000000089200000| PB 0x0000000089200000| Untracked 
| 147|0x0000000089300000, 0x0000000089300000, 0x0000000089400000|  0%| F|  |TAMS 0x0000000089300000| PB 0x0000000089300000| Untracked 
| 148|0x0000000089400000, 0x0000000089400000, 0x0000000089500000|  0%| F|  |TAMS 0x0000000089400000| PB 0x0000000089400000| Untracked 
| 149|0x0000000089500000, 0x0000000089500000, 0x0000000089600000|  0%| F|  |TAMS 0x0000000089500000| PB 0x0000000089500000| Untracked 
| 150|0x0000000089600000, 0x0000000089600000, 0x0000000089700000|  0%| F|  |TAMS 0x0000000089600000| PB 0x0000000089600000| Untracked 
| 151|0x0000000089700000, 0x0000000089700000, 0x0000000089800000|  0%| F|  |TAMS 0x0000000089700000| PB 0x0000000089700000| Untracked 
| 152|0x0000000089800000, 0x0000000089800000, 0x0000000089900000|  0%| F|  |TAMS 0x0000000089800000| PB 0x0000000089800000| Untracked 
| 153|0x0000000089900000, 0x0000000089900000, 0x0000000089a00000|  0%| F|  |TAMS 0x0000000089900000| PB 0x0000000089900000| Untracked 
| 154|0x0000000089a00000, 0x0000000089a00000, 0x0000000089b00000|  0%| F|  |TAMS 0x0000000089a00000| PB 0x0000000089a00000| Untracked 
| 155|0x0000000089b00000, 0x0000000089b00000, 0x0000000089c00000|  0%| F|  |TAMS 0x0000000089b00000| PB 0x0000000089b00000| Untracked 
| 156|0x0000000089c00000, 0x0000000089c00000, 0x0000000089d00000|  0%| F|  |TAMS 0x0000000089c00000| PB 0x0000000089c00000| Untracked 
| 157|0x0000000089d00000, 0x0000000089d00000, 0x0000000089e00000|  0%| F|  |TAMS 0x0000000089d00000| PB 0x0000000089d00000| Untracked 
| 158|0x0000000089e00000, 0x0000000089e00000, 0x0000000089f00000|  0%| F|  |TAMS 0x0000000089e00000| PB 0x0000000089e00000| Untracked 
| 159|0x0000000089f00000, 0x0000000089f00000, 0x000000008a000000|  0%| F|  |TAMS 0x0000000089f00000| PB 0x0000000089f00000| Untracked 
| 160|0x000000008a000000, 0x000000008a000000, 0x000000008a100000|  0%| F|  |TAMS 0x000000008a000000| PB 0x000000008a000000| Untracked 
| 161|0x000000008a100000, 0x000000008a100000, 0x000000008a200000|  0%| F|  |TAMS 0x000000008a100000| PB 0x000000008a100000| Untracked 
| 162|0x000000008a200000, 0x000000008a200000, 0x000000008a300000|  0%| F|  |TAMS 0x000000008a200000| PB 0x000000008a200000| Untracked 
| 163|0x000000008a300000, 0x000000008a300000, 0x000000008a400000|  0%| F|  |TAMS 0x000000008a300000| PB 0x000000008a300000| Untracked 
| 164|0x000000008a400000, 0x000000008a400000, 0x000000008a500000|  0%| F|  |TAMS 0x000000008a400000| PB 0x000000008a400000| Untracked 
| 165|0x000000008a500000, 0x000000008a500000, 0x000000008a600000|  0%| F|  |TAMS 0x000000008a500000| PB 0x000000008a500000| Untracked 
| 166|0x000000008a600000, 0x000000008a600000, 0x000000008a700000|  0%| F|  |TAMS 0x000000008a600000| PB 0x000000008a600000| Untracked 
| 167|0x000000008a700000, 0x000000008a700000, 0x000000008a800000|  0%| F|  |TAMS 0x000000008a700000| PB 0x000000008a700000| Untracked 
| 168|0x000000008a800000, 0x000000008a800000, 0x000000008a900000|  0%| F|  |TAMS 0x000000008a800000| PB 0x000000008a800000| Untracked 
| 169|0x000000008a900000, 0x000000008a900000, 0x000000008aa00000|  0%| F|  |TAMS 0x000000008a900000| PB 0x000000008a900000| Untracked 
| 170|0x000000008aa00000, 0x000000008aa00000, 0x000000008ab00000|  0%| F|  |TAMS 0x000000008aa00000| PB 0x000000008aa00000| Untracked 
| 171|0x000000008ab00000, 0x000000008ab00000, 0x000000008ac00000|  0%| F|  |TAMS 0x000000008ab00000| PB 0x000000008ab00000| Untracked 
| 172|0x000000008ac00000, 0x000000008ac32a00, 0x000000008ad00000| 19%| S|CS|TAMS 0x000000008ac00000| PB 0x000000008ac00000| Complete 
| 173|0x000000008ad00000, 0x000000008ae00000, 0x000000008ae00000|100%| S|CS|TAMS 0x000000008ad00000| PB 0x000000008ad00000| Complete 
| 174|0x000000008ae00000, 0x000000008af00000, 0x000000008af00000|100%| S|CS|TAMS 0x000000008ae00000| PB 0x000000008ae00000| Complete 
| 175|0x000000008af00000, 0x000000008b000000, 0x000000008b000000|100%| S|CS|TAMS 0x000000008af00000| PB 0x000000008af00000| Complete 
| 176|0x000000008b000000, 0x000000008b100000, 0x000000008b100000|100%| S|CS|TAMS 0x000000008b000000| PB 0x000000008b000000| Complete 
| 177|0x000000008b100000, 0x000000008b200000, 0x000000008b200000|100%| S|CS|TAMS 0x000000008b100000| PB 0x000000008b100000| Complete 
| 178|0x000000008b200000, 0x000000008b300000, 0x000000008b300000|100%| S|CS|TAMS 0x000000008b200000| PB 0x000000008b200000| Complete 
| 179|0x000000008b300000, 0x000000008b400000, 0x000000008b400000|100%| S|CS|TAMS 0x000000008b300000| PB 0x000000008b300000| Complete 
| 180|0x000000008b400000, 0x000000008b500000, 0x000000008b500000|100%| S|CS|TAMS 0x000000008b400000| PB 0x000000008b400000| Complete 
| 181|0x000000008b500000, 0x000000008b600000, 0x000000008b600000|100%| S|CS|TAMS 0x000000008b500000| PB 0x000000008b500000| Complete 
| 182|0x000000008b600000, 0x000000008b600000, 0x000000008b700000|  0%| F|  |TAMS 0x000000008b600000| PB 0x000000008b600000| Untracked 
| 183|0x000000008b700000, 0x000000008b700000, 0x000000008b800000|  0%| F|  |TAMS 0x000000008b700000| PB 0x000000008b700000| Untracked 
| 184|0x000000008b800000, 0x000000008b800000, 0x000000008b900000|  0%| F|  |TAMS 0x000000008b800000| PB 0x000000008b800000| Untracked 
| 185|0x000000008b900000, 0x000000008b900000, 0x000000008ba00000|  0%| F|  |TAMS 0x000000008b900000| PB 0x000000008b900000| Untracked 
| 186|0x000000008ba00000, 0x000000008ba00000, 0x000000008bb00000|  0%| F|  |TAMS 0x000000008ba00000| PB 0x000000008ba00000| Untracked 
| 187|0x000000008bb00000, 0x000000008bb00000, 0x000000008bc00000|  0%| F|  |TAMS 0x000000008bb00000| PB 0x000000008bb00000| Untracked 
| 188|0x000000008bc00000, 0x000000008bc00000, 0x000000008bd00000|  0%| F|  |TAMS 0x000000008bc00000| PB 0x000000008bc00000| Untracked 
| 189|0x000000008bd00000, 0x000000008bd00000, 0x000000008be00000|  0%| F|  |TAMS 0x000000008bd00000| PB 0x000000008bd00000| Untracked 
| 190|0x000000008be00000, 0x000000008be00000, 0x000000008bf00000|  0%| F|  |TAMS 0x000000008be00000| PB 0x000000008be00000| Untracked 
| 191|0x000000008bf00000, 0x000000008bf00000, 0x000000008c000000|  0%| F|  |TAMS 0x000000008bf00000| PB 0x000000008bf00000| Untracked 
| 192|0x000000008c000000, 0x000000008c000000, 0x000000008c100000|  0%| F|  |TAMS 0x000000008c000000| PB 0x000000008c000000| Untracked 
| 193|0x000000008c100000, 0x000000008c100000, 0x000000008c200000|  0%| F|  |TAMS 0x000000008c100000| PB 0x000000008c100000| Untracked 
| 194|0x000000008c200000, 0x000000008c200000, 0x000000008c300000|  0%| F|  |TAMS 0x000000008c200000| PB 0x000000008c200000| Untracked 
| 195|0x000000008c300000, 0x000000008c300000, 0x000000008c400000|  0%| F|  |TAMS 0x000000008c300000| PB 0x000000008c300000| Untracked 
| 196|0x000000008c400000, 0x000000008c400000, 0x000000008c500000|  0%| F|  |TAMS 0x000000008c400000| PB 0x000000008c400000| Untracked 
| 197|0x000000008c500000, 0x000000008c500000, 0x000000008c600000|  0%| F|  |TAMS 0x000000008c500000| PB 0x000000008c500000| Untracked 
| 198|0x000000008c600000, 0x000000008c600000, 0x000000008c700000|  0%| F|  |TAMS 0x000000008c600000| PB 0x000000008c600000| Untracked 
| 199|0x000000008c700000, 0x000000008c700000, 0x000000008c800000|  0%| F|  |TAMS 0x000000008c700000| PB 0x000000008c700000| Untracked 
| 200|0x000000008c800000, 0x000000008c800000, 0x000000008c900000|  0%| F|  |TAMS 0x000000008c800000| PB 0x000000008c800000| Untracked 
| 201|0x000000008c900000, 0x000000008c900000, 0x000000008ca00000|  0%| F|  |TAMS 0x000000008c900000| PB 0x000000008c900000| Untracked 
| 202|0x000000008ca00000, 0x000000008ca00000, 0x000000008cb00000|  0%| F|  |TAMS 0x000000008ca00000| PB 0x000000008ca00000| Untracked 
| 203|0x000000008cb00000, 0x000000008cb00000, 0x000000008cc00000|  0%| F|  |TAMS 0x000000008cb00000| PB 0x000000008cb00000| Untracked 
| 204|0x000000008cc00000, 0x000000008cc00000, 0x000000008cd00000|  0%| F|  |TAMS 0x000000008cc00000| PB 0x000000008cc00000| Untracked 
| 205|0x000000008cd00000, 0x000000008cd00000, 0x000000008ce00000|  0%| F|  |TAMS 0x000000008cd00000| PB 0x000000008cd00000| Untracked 
| 206|0x000000008ce00000, 0x000000008ce00000, 0x000000008cf00000|  0%| F|  |TAMS 0x000000008ce00000| PB 0x000000008ce00000| Untracked 
| 207|0x000000008cf00000, 0x000000008cf00000, 0x000000008d000000|  0%| F|  |TAMS 0x000000008cf00000| PB 0x000000008cf00000| Untracked 
| 208|0x000000008d000000, 0x000000008d000000, 0x000000008d100000|  0%| F|  |TAMS 0x000000008d000000| PB 0x000000008d000000| Untracked 
| 209|0x000000008d100000, 0x000000008d100000, 0x000000008d200000|  0%| F|  |TAMS 0x000000008d100000| PB 0x000000008d100000| Untracked 
| 210|0x000000008d200000, 0x000000008d200000, 0x000000008d300000|  0%| F|  |TAMS 0x000000008d200000| PB 0x000000008d200000| Untracked 
| 211|0x000000008d300000, 0x000000008d300000, 0x000000008d400000|  0%| F|  |TAMS 0x000000008d300000| PB 0x000000008d300000| Untracked 
| 212|0x000000008d400000, 0x000000008d400000, 0x000000008d500000|  0%| F|  |TAMS 0x000000008d400000| PB 0x000000008d400000| Untracked 
| 213|0x000000008d500000, 0x000000008d500000, 0x000000008d600000|  0%| F|  |TAMS 0x000000008d500000| PB 0x000000008d500000| Untracked 
| 214|0x000000008d600000, 0x000000008d600000, 0x000000008d700000|  0%| F|  |TAMS 0x000000008d600000| PB 0x000000008d600000| Untracked 
| 215|0x000000008d700000, 0x000000008d700000, 0x000000008d800000|  0%| F|  |TAMS 0x000000008d700000| PB 0x000000008d700000| Untracked 
| 216|0x000000008d800000, 0x000000008d800000, 0x000000008d900000|  0%| F|  |TAMS 0x000000008d800000| PB 0x000000008d800000| Untracked 
| 217|0x000000008d900000, 0x000000008d900000, 0x000000008da00000|  0%| F|  |TAMS 0x000000008d900000| PB 0x000000008d900000| Untracked 
| 218|0x000000008da00000, 0x000000008da00000, 0x000000008db00000|  0%| F|  |TAMS 0x000000008da00000| PB 0x000000008da00000| Untracked 
| 219|0x000000008db00000, 0x000000008db00000, 0x000000008dc00000|  0%| F|  |TAMS 0x000000008db00000| PB 0x000000008db00000| Untracked 
| 220|0x000000008dc00000, 0x000000008dc00000, 0x000000008dd00000|  0%| F|  |TAMS 0x000000008dc00000| PB 0x000000008dc00000| Untracked 
| 221|0x000000008dd00000, 0x000000008dd00000, 0x000000008de00000|  0%| F|  |TAMS 0x000000008dd00000| PB 0x000000008dd00000| Untracked 
| 222|0x000000008de00000, 0x000000008de00000, 0x000000008df00000|  0%| F|  |TAMS 0x000000008de00000| PB 0x000000008de00000| Untracked 
| 223|0x000000008df00000, 0x000000008df00000, 0x000000008e000000|  0%| F|  |TAMS 0x000000008df00000| PB 0x000000008df00000| Untracked 
| 224|0x000000008e000000, 0x000000008e000000, 0x000000008e100000|  0%| F|  |TAMS 0x000000008e000000| PB 0x000000008e000000| Untracked 
| 225|0x000000008e100000, 0x000000008e100000, 0x000000008e200000|  0%| F|  |TAMS 0x000000008e100000| PB 0x000000008e100000| Untracked 
| 226|0x000000008e200000, 0x000000008e200000, 0x000000008e300000|  0%| F|  |TAMS 0x000000008e200000| PB 0x000000008e200000| Untracked 
| 227|0x000000008e300000, 0x000000008e300000, 0x000000008e400000|  0%| F|  |TAMS 0x000000008e300000| PB 0x000000008e300000| Untracked 
| 228|0x000000008e400000, 0x000000008e400000, 0x000000008e500000|  0%| F|  |TAMS 0x000000008e400000| PB 0x000000008e400000| Untracked 
| 229|0x000000008e500000, 0x000000008e500000, 0x000000008e600000|  0%| F|  |TAMS 0x000000008e500000| PB 0x000000008e500000| Untracked 
| 230|0x000000008e600000, 0x000000008e600000, 0x000000008e700000|  0%| F|  |TAMS 0x000000008e600000| PB 0x000000008e600000| Untracked 
| 231|0x000000008e700000, 0x000000008e700000, 0x000000008e800000|  0%| F|  |TAMS 0x000000008e700000| PB 0x000000008e700000| Untracked 
| 232|0x000000008e800000, 0x000000008e800000, 0x000000008e900000|  0%| F|  |TAMS 0x000000008e800000| PB 0x000000008e800000| Untracked 
| 233|0x000000008e900000, 0x000000008e900000, 0x000000008ea00000|  0%| F|  |TAMS 0x000000008e900000| PB 0x000000008e900000| Untracked 
| 234|0x000000008ea00000, 0x000000008ea00000, 0x000000008eb00000|  0%| F|  |TAMS 0x000000008ea00000| PB 0x000000008ea00000| Untracked 
| 235|0x000000008eb00000, 0x000000008eb00000, 0x000000008ec00000|  0%| F|  |TAMS 0x000000008eb00000| PB 0x000000008eb00000| Untracked 
| 236|0x000000008ec00000, 0x000000008ec00000, 0x000000008ed00000|  0%| F|  |TAMS 0x000000008ec00000| PB 0x000000008ec00000| Untracked 
| 237|0x000000008ed00000, 0x000000008ed00000, 0x000000008ee00000|  0%| F|  |TAMS 0x000000008ed00000| PB 0x000000008ed00000| Untracked 
| 238|0x000000008ee00000, 0x000000008ee00000, 0x000000008ef00000|  0%| F|  |TAMS 0x000000008ee00000| PB 0x000000008ee00000| Untracked 
| 239|0x000000008ef00000, 0x000000008ef00000, 0x000000008f000000|  0%| F|  |TAMS 0x000000008ef00000| PB 0x000000008ef00000| Untracked 
| 240|0x000000008f000000, 0x000000008f000000, 0x000000008f100000|  0%| F|  |TAMS 0x000000008f000000| PB 0x000000008f000000| Untracked 
| 241|0x000000008f100000, 0x000000008f100000, 0x000000008f200000|  0%| F|  |TAMS 0x000000008f100000| PB 0x000000008f100000| Untracked 
| 242|0x000000008f200000, 0x000000008f200000, 0x000000008f300000|  0%| F|  |TAMS 0x000000008f200000| PB 0x000000008f200000| Untracked 
| 243|0x000000008f300000, 0x000000008f300000, 0x000000008f400000|  0%| F|  |TAMS 0x000000008f300000| PB 0x000000008f300000| Untracked 
| 244|0x000000008f400000, 0x000000008f400000, 0x000000008f500000|  0%| F|  |TAMS 0x000000008f400000| PB 0x000000008f400000| Untracked 
| 245|0x000000008f500000, 0x000000008f500000, 0x000000008f600000|  0%| F|  |TAMS 0x000000008f500000| PB 0x000000008f500000| Untracked 
| 246|0x000000008f600000, 0x000000008f600000, 0x000000008f700000|  0%| F|  |TAMS 0x000000008f600000| PB 0x000000008f600000| Untracked 
| 247|0x000000008f700000, 0x000000008f700000, 0x000000008f800000|  0%| F|  |TAMS 0x000000008f700000| PB 0x000000008f700000| Untracked 

Card table byte_map: [0x000001b43d740000,0x000001b43db40000] _byte_map_base: 0x000001b43d340000

Marking Bits: (CMBitMap*) 0x000001b42a9c87e0
 Bits: [0x000001b43db40000, 0x000001b43fb40000)

Polling page: 0x000001b428980000

Metaspace:

Usage:
  Non-class:     18.29 MB used.
      Class:      2.39 MB used.
       Both:     20.68 MB used.

Virtual space:
  Non-class space:       64.00 MB reserved,      18.44 MB ( 29%) committed,  1 nodes.
      Class space:        1.00 GB reserved,       2.56 MB ( <1%) committed,  1 nodes.
             Both:        1.06 GB reserved,      21.00 MB (  2%) committed. 

Chunk freelists:
   Non-Class:  13.55 MB
       Class:  13.42 MB
        Both:  26.97 MB

MaxMetaspaceSize: unlimited
CompressedClassSpaceSize: 1.00 GB
Initial GC threshold: 21.00 MB
Current GC threshold: 21.31 MB
CDS: off
 - commit_granule_bytes: 65536.
 - commit_granule_words: 8192.
 - virtual_space_node_default_size: 8388608.
 - enlarge_chunks_in_place: 1.
 - use_allocation_guard: 0.


Internal statistics:

num_allocs_failed_limit: 3.
num_arena_births: 334.
num_arena_deaths: 0.
num_vsnodes_births: 2.
num_vsnodes_deaths: 0.
num_space_committed: 336.
num_space_uncommitted: 0.
num_chunks_returned_to_freelist: 3.
num_chunks_taken_from_freelist: 716.
num_chunk_merges: 3.
num_chunk_splits: 445.
num_chunks_enlarged: 301.
num_inconsistent_stats: 0.

CodeHeap 'non-profiled nmethods': size=119168Kb used=1090Kb max_used=1090Kb free=118077Kb
 bounds [0x000001b435660000, 0x000001b4358d0000, 0x000001b43cac0000]
CodeHeap 'profiled nmethods': size=119104Kb used=5184Kb max_used=5184Kb free=113919Kb
 bounds [0x000001b42dac0000, 0x000001b42dfe0000, 0x000001b434f10000]
CodeHeap 'non-nmethods': size=7488Kb used=3111Kb max_used=3126Kb free=4376Kb
 bounds [0x000001b434f10000, 0x000001b435230000, 0x000001b435660000]
 total_blobs=3056 nmethods=2520 adapters=438
 compilation: enabled
              stopped_count=0, restarted_count=0
 full_count=0

Compilation events (20 events):
Event: 1.450 Thread 0x000001b4489dfa70 nmethod 2511 0x000001b42dfc9910 code [0x000001b42dfc9b20, 0x000001b42dfca060]
Event: 1.450 Thread 0x000001b442edc430 nmethod 2509 0x000001b42dfca290 code [0x000001b42dfca440, 0x000001b42dfca650]
Event: 1.451 Thread 0x000001b442edc430 2513       3       com.google.common.collect.ImmutableList::iterator (5 bytes)
Event: 1.451 Thread 0x000001b442e63690 2514       3       com.google.common.collect.ImmutableList::listIterator (6 bytes)
Event: 1.451 Thread 0x000001b4489dfa70 2515       3       com.google.common.collect.RegularImmutableList::listIterator (15 bytes)
Event: 1.451 Thread 0x000001b44332f680 2516       4       java.util.ArrayList::iterator (9 bytes)
Event: 1.452 Thread 0x000001b442edc430 nmethod 2513 0x000001b42dfca790 code [0x000001b42dfca940, 0x000001b42dfcabe0]
Event: 1.452 Thread 0x000001b4489dfa70 nmethod 2515 0x000001b42dfcad10 code [0x000001b42dfcaec0, 0x000001b42dfcb010]
Event: 1.452 Thread 0x000001b442e63690 nmethod 2514 0x000001b42dfcb110 code [0x000001b42dfcb2c0, 0x000001b42dfcb488]
Event: 1.452 Thread 0x000001b442cf85c0 nmethod 2510 0x000001b42dfcb590 code [0x000001b42dfcb940, 0x000001b42dfccd28]
Event: 1.452 Thread 0x000001b44332f680 nmethod 2516 0x000001b43576f610 code [0x000001b43576f7a0, 0x000001b43576f8a8]
Event: 1.453 Thread 0x000001b442cf85c0 2517       3       com.google.common.collect.ImmutableList::iterator (5 bytes)
Event: 1.453 Thread 0x000001b442cf85c0 nmethod 2517 0x000001b42dfcd690 code [0x000001b42dfcd860, 0x000001b42dfcdbc8]
Event: 1.453 Thread 0x000001b442cf7b20 nmethod 2506 0x000001b43576f990 code [0x000001b43576fb80, 0x000001b435770218]
Event: 1.453 Thread 0x000001b442e63690 2518       3       java.lang.invoke.InvokerBytecodeGenerator::generateCustomizedCode (34 bytes)
Event: 1.453 Thread 0x000001b4489dfa70 2519       3       java.lang.invoke.InvokerBytecodeGenerator::lookupPregenerated (294 bytes)
Event: 1.453 Thread 0x000001b442e63690 nmethod 2518 0x000001b42dfcdd10 code [0x000001b42dfcdf00, 0x000001b42dfce1c0]
Event: 1.454 Thread 0x000001b44332f680 2520       4       java.io.RandomAccessFile::readFully (45 bytes)
Event: 1.454 Thread 0x000001b4489dfa70 nmethod 2519 0x000001b42dfce310 code [0x000001b42dfce6a0, 0x000001b42dfcfb28]
Event: 1.455 Thread 0x000001b44332f680 nmethod 2520 0x000001b435770510 code [0x000001b4357706c0, 0x000001b435770878]

GC Heap History (6 events):
Event: 0.339 GC heap before
{Heap before GC invocations=0 (full 0):
 garbage-first heap   total 253952K, used 26624K [0x0000000080000000, 0x0000000100000000)
  region size 1024K, 23 young (23552K), 0 survivors (0K)
 Metaspace       used 8010K, committed 8192K, reserved 1114112K
  class space    used 715K, committed 768K, reserved 1048576K
}
Event: 0.342 GC heap after
{Heap after GC invocations=1 (full 0):
 garbage-first heap   total 253952K, used 10077K [0x0000000080000000, 0x0000000100000000)
  region size 1024K, 3 young (3072K), 3 survivors (3072K)
 Metaspace       used 8010K, committed 8192K, reserved 1114112K
  class space    used 715K, committed 768K, reserved 1048576K
}
Event: 0.717 GC heap before
{Heap before GC invocations=1 (full 0):
 garbage-first heap   total 253952K, used 39773K [0x0000000080000000, 0x0000000100000000)
  region size 1024K, 33 young (33792K), 3 survivors (3072K)
 Metaspace       used 12148K, committed 12416K, reserved 1114112K
  class space    used 1285K, committed 1408K, reserved 1048576K
}
Event: 0.721 GC heap after
{Heap after GC invocations=2 (full 0):
 garbage-first heap   total 253952K, used 11865K [0x0000000080000000, 0x0000000100000000)
  region size 1024K, 2 young (2048K), 2 survivors (2048K)
 Metaspace       used 12148K, committed 12416K, reserved 1114112K
  class space    used 1285K, committed 1408K, reserved 1048576K
}
Event: 1.456 GC heap before
{Heap before GC invocations=2 (full 0):
 garbage-first heap   total 253952K, used 77401K [0x0000000080000000, 0x0000000100000000)
  region size 1024K, 66 young (67584K), 2 survivors (2048K)
 Metaspace       used 21176K, committed 21504K, reserved 1114112K
  class space    used 2450K, committed 2624K, reserved 1048576K
}
Event: 1.465 GC heap after
{Heap after GC invocations=3 (full 0):
 garbage-first heap   total 253952K, used 20636K [0x0000000080000000, 0x0000000100000000)
  region size 1024K, 10 young (10240K), 10 survivors (10240K)
 Metaspace       used 21176K, committed 21504K, reserved 1114112K
  class space    used 2450K, committed 2624K, reserved 1048576K
}

Dll operation events (3 events):
Event: 0.005 Loaded shared library C:\Program Files\Android\Android Studio\jbr\bin\java.dll
Event: 0.010 Loaded shared library C:\Program Files\Android\Android Studio\jbr\bin\zip.dll
Event: 0.348 Loaded shared library C:\Program Files\Android\Android Studio\jbr\bin\verify.dll

Deoptimization events (20 events):
Event: 1.367 Thread 0x000001b4493c90f0 Uncommon trap: trap_request=0xffffff45 fr.pc=0x000001b435733388 relative=0x0000000000001648
Event: 1.367 Thread 0x000001b4493c90f0 Uncommon trap: reason=unstable_if action=reinterpret pc=0x000001b435733388 method=java.util.concurrent.ConcurrentHashMap.transfer([Ljava/util/concurrent/ConcurrentHashMap$Node;[Ljava/util/concurrent/ConcurrentHashMap$Node;)V @ 26 c2
Event: 1.367 Thread 0x000001b4493c90f0 DEOPT PACKING pc=0x000001b435733388 sp=0x00000058836fe2f0
Event: 1.367 Thread 0x000001b4493c90f0 DEOPT UNPACKING pc=0x000001b434f646a2 sp=0x00000058836fe260 mode 2
Event: 1.381 Thread 0x000001b449548300 Uncommon trap: trap_request=0xffffff45 fr.pc=0x000001b43567f370 relative=0x00000000000001b0
Event: 1.381 Thread 0x000001b449548300 Uncommon trap: reason=unstable_if action=reinterpret pc=0x000001b43567f370 method=java.util.regex.Matcher.reset()Ljava/util/regex/Matcher; @ 47 c2
Event: 1.381 Thread 0x000001b449548300 DEOPT PACKING pc=0x000001b43567f370 sp=0x00000058839fda90
Event: 1.381 Thread 0x000001b449548300 DEOPT UNPACKING pc=0x000001b434f646a2 sp=0x00000058839fda18 mode 2
Event: 1.381 Thread 0x000001b449548300 Uncommon trap: trap_request=0xffffff45 fr.pc=0x000001b4356806ac relative=0x000000000000048c
Event: 1.381 Thread 0x000001b449548300 Uncommon trap: reason=unstable_if action=reinterpret pc=0x000001b4356806ac method=java.util.regex.Matcher.match(II)Z @ 76 c2
Event: 1.381 Thread 0x000001b449548300 DEOPT PACKING pc=0x000001b4356806ac sp=0x00000058839fdac0
Event: 1.381 Thread 0x000001b449548300 DEOPT UNPACKING pc=0x000001b434f646a2 sp=0x00000058839fda90 mode 2
Event: 1.381 Thread 0x000001b449548300 Uncommon trap: trap_request=0xffffffde fr.pc=0x000001b4357268e4 relative=0x0000000000000304
Event: 1.381 Thread 0x000001b449548300 Uncommon trap: reason=class_check action=maybe_recompile pc=0x000001b4357268e4 method=java.util.regex.Pattern$BmpCharPropertyGreedy.match(Ljava/util/regex/Matcher;ILjava/lang/CharSequence;)Z @ 26 c2
Event: 1.381 Thread 0x000001b449548300 DEOPT PACKING pc=0x000001b4357268e4 sp=0x00000058839fd940
Event: 1.381 Thread 0x000001b449548300 DEOPT UNPACKING pc=0x000001b434f646a2 sp=0x00000058839fd8f8 mode 2
Event: 1.381 Thread 0x000001b449548300 Uncommon trap: trap_request=0xffffffde fr.pc=0x000001b4357268e4 relative=0x0000000000000304
Event: 1.381 Thread 0x000001b449548300 Uncommon trap: reason=class_check action=maybe_recompile pc=0x000001b4357268e4 method=java.util.regex.Pattern$BmpCharPropertyGreedy.match(Ljava/util/regex/Matcher;ILjava/lang/CharSequence;)Z @ 26 c2
Event: 1.381 Thread 0x000001b449548300 DEOPT PACKING pc=0x000001b4357268e4 sp=0x00000058839fd630
Event: 1.381 Thread 0x000001b449548300 DEOPT UNPACKING pc=0x000001b434f646a2 sp=0x00000058839fd5c8 mode 2

Classes loaded (20 events):
Event: 1.402 Loading class jdk/internal/reflect/MethodHandleObjectFieldAccessorImpl
Event: 1.402 Loading class jdk/internal/reflect/MethodHandleFieldAccessorImpl
Event: 1.402 Loading class jdk/internal/reflect/MethodHandleFieldAccessorImpl done
Event: 1.402 Loading class jdk/internal/reflect/MethodHandleObjectFieldAccessorImpl done
Event: 1.406 Loading class java/util/concurrent/CountDownLatch$Sync
Event: 1.406 Loading class java/util/concurrent/CountDownLatch$Sync done
Event: 1.407 Loading class jdk/internal/event/ThreadSleepEvent
Event: 1.407 Loading class jdk/internal/event/ThreadSleepEvent done
Event: 1.407 Loading class java/math/MathContext
Event: 1.407 Loading class java/math/MathContext done
Event: 1.407 Loading class java/math/BigDecimal
Event: 1.408 Loading class java/math/BigDecimal done
Event: 1.417 Loading class sun/reflect/generics/tree/VoidDescriptor
Event: 1.417 Loading class sun/reflect/generics/tree/VoidDescriptor done
Event: 1.449 Loading class java/util/stream/ForEachOps
Event: 1.449 Loading class java/util/stream/ForEachOps done
Event: 1.449 Loading class java/util/stream/ForEachOps$ForEachOp$OfRef
Event: 1.449 Loading class java/util/stream/ForEachOps$ForEachOp
Event: 1.449 Loading class java/util/stream/ForEachOps$ForEachOp done
Event: 1.449 Loading class java/util/stream/ForEachOps$ForEachOp$OfRef done

Classes unloaded (0 events):
No events

Classes redefined (0 events):
No events

Internal exceptions (20 events):
Event: 0.927 Thread 0x000001b4287a4ec0 Exception <a 'java/lang/NoSuchMethodError'{0x000000008d443708}: 'void java.lang.invoke.DirectMethodHandle$Holder.invokeVirtual(java.lang.Object, java.lang.Object, java.lang.Object, java.lang.Object)'> (0x000000008d443708) 
thrown [s\src\hotspot\share\interpreter\linkResolver.cpp, line 784]
Event: 0.927 Thread 0x000001b4287a4ec0 Exception <a 'java/lang/NoSuchMethodError'{0x000000008d4473d8}: 'void java.lang.invoke.DirectMethodHandle$Holder.invokeSpecial(java.lang.Object, java.lang.Object, java.lang.Object, java.lang.Object, java.lang.Object)'> (0x000000008d4473d8) 
thrown [s\src\hotspot\share\interpreter\linkResolver.cpp, line 784]
Event: 1.022 Thread 0x000001b4287a4ec0 Exception <a 'java/lang/NoSuchMethodError'{0x000000008cdbf2f0}: 'int java.lang.invoke.DelegatingMethodHandle$Holder.reinvoke_L(java.lang.Object)'> (0x000000008cdbf2f0) 
thrown [s\src\hotspot\share\interpreter\linkResolver.cpp, line 784]
Event: 1.092 Thread 0x000001b4287a4ec0 Exception <a 'java/lang/NoSuchMethodError'{0x000000008ca925c8}: 'java.lang.Object java.lang.invoke.DirectMethodHandle$Holder.invokeVirtual(java.lang.Object, java.lang.Object, java.lang.Object, java.lang.Object, java.lang.Object, java.lang.Object)'> (0x000000008ca925c8) 
thrown [s\src\hotspot\share\interpreter\linkResolver.cpp, line 784]
Event: 1.121 Thread 0x000001b4287a4ec0 Exception <a 'java/lang/NoSuchMethodError'{0x000000008c9e6d00}: 'java.lang.Object java.lang.invoke.DirectMethodHandle$Holder.invokeInterface(java.lang.Object, java.lang.Object)'> (0x000000008c9e6d00) 
thrown [s\src\hotspot\share\interpreter\linkResolver.cpp, line 784]
Event: 1.127 Thread 0x000001b4287a4ec0 Exception <a 'java/lang/NoSuchMethodError'{0x000000008c82af18}: 'java.lang.Object java.lang.invoke.DirectMethodHandle$Holder.invokeVirtual(java.lang.Object, java.lang.Object, java.lang.Object, java.lang.Object, java.lang.Object)'> (0x000000008c82af18) 
thrown [s\src\hotspot\share\interpreter\linkResolver.cpp, line 784]
Event: 1.128 Thread 0x000001b4287a4ec0 Exception <a 'java/lang/NoSuchMethodError'{0x000000008c83de68}: 'java.lang.Object java.lang.invoke.Invokers$Holder.invokeExact_MT(java.lang.Object, java.lang.Object, java.lang.Object, java.lang.Object, java.lang.Object, java.lang.Object)'> (0x000000008c83de68) 
thrown [s\src\hotspot\share\interpreter\linkResolver.cpp, line 784]
Event: 1.141 Thread 0x000001b4287a4ec0 Exception <a 'java/lang/NoSuchMethodError'{0x000000008c8cc3c8}: 'java.lang.Object java.lang.invoke.DelegatingMethodHandle$Holder.reinvoke_L(java.lang.Object, java.lang.Object, java.lang.Object, java.lang.Object, java.lang.Object, java.lang.Object, java.lang.Object, java.lang.Object, java.lang.Object, java.lang.Object, java.lang.Object, java.lang.Object, java.lang.Object, java.lang.Object)'> (0x000000008c8cc3c8) 
thrown [s\src\hotspot\share\interpreter\linkResolver.cpp, line 784]
Event: 1.146 Thread 0x000001b4287a4ec0 Exception <a 'java/lang/NoSuchMethodError'{0x000000008c718b50}: 'java.lang.Object java.lang.invoke.DirectMethodHandle$Holder.invokeStatic(java.lang.Object, java.lang.Object, java.lang.Object, java.lang.Object, java.lang.Object, java.lang.Object, java.lang.Object, java.lang.Object, java.lang.Object, java.lang.Object, java.lang.Object, java.lang.Object, java.lang.Object)'> (0x000000008c718b50) 
thrown [s\src\hotspot\share\interpreter\linkResolver.cpp, line 784]
Event: 1.147 Thread 0x000001b4287a4ec0 Exception <a 'java/lang/NoSuchMethodError'{0x000000008c737ce8}: 'java.lang.Object java.lang.invoke.DirectMethodHandle$Holder.invokeStatic(java.lang.Object, java.lang.Object, java.lang.Object, java.lang.Object, java.lang.Object, java.lang.Object, java.lang.Object, java.lang.Object, java.lang.Object, java.lang.Object, java.lang.Object, java.lang.Object, java.lang.Object, java.lang.Object)'> (0x000000008c737ce8) 
thrown [s\src\hotspot\share\interpreter\linkResolver.cpp, line 784]
Event: 1.148 Thread 0x000001b4287a4ec0 Exception <a 'java/lang/NoSuchMethodError'{0x000000008c757e18}: 'java.lang.Object java.lang.invoke.DirectMethodHandle$Holder.invokeStatic(java.lang.Object, java.lang.Object, java.lang.Object, java.lang.Object, java.lang.Object, java.lang.Object, java.lang.Object, java.lang.Object, java.lang.Object, java.lang.Object, java.lang.Object, java.lang.Object, java.lang.Object, java.lang.Object, java.lang.Object)'> (0x000000008c757e18) 
thrown [s\src\hotspot\share\interpreter\linkResolver.cpp, line 784]
Event: 1.151 Thread 0x000001b4287a4ec0 Exception <a 'java/lang/NoSuchMethodError'{0x000000008c77a4a8}: 'java.lang.Object java.lang.invoke.DirectMethodHandle$Holder.invokeStatic(java.lang.Object, java.lang.Object, java.lang.Object, java.lang.Object, java.lang.Object, java.lang.Object, java.lang.Object, java.lang.Object, java.lang.Object, java.lang.Object, java.lang.Object, java.lang.Object, java.lang.Object, java.lang.Object, java.lang.Object, java.lang.Object)'> (0x000000008c77a4a8) 
thrown [s\src\hotspot\share\interpreter\linkResolver.cpp, lin
Event: 1.189 Thread 0x000001b4287a4ec0 Exception <a 'java/lang/NoSuchMethodError'{0x000000008c5bd090}: 'java.lang.Object java.lang.invoke.DirectMethodHandle$Holder.invokeVirtual(java.lang.Object, java.lang.Object, java.lang.Object, java.lang.Object, java.lang.Object, java.lang.Object, java.lang.Object)'> (0x000000008c5bd090) 
thrown [s\src\hotspot\share\interpreter\linkResolver.cpp, line 784]
Event: 1.196 Thread 0x000001b4287a4ec0 Exception <a 'java/lang/NoSuchMethodError'{0x000000008c44a248}: 'java.lang.Object java.lang.invoke.DirectMethodHandle$Holder.invokeVirtual(java.lang.Object, java.lang.Object, java.lang.Object, java.lang.Object, java.lang.Object, java.lang.Object, java.lang.Object, java.lang.Object, java.lang.Object)'> (0x000000008c44a248) 
thrown [s\src\hotspot\share\interpreter\linkResolver.cpp, line 784]
Event: 1.232 Thread 0x000001b4287a4ec0 Exception <a 'java/lang/NoSuchMethodError'{0x000000008c3dc500}: 'java.lang.Object java.lang.invoke.DirectMethodHandle$Holder.invokeStaticInit(java.lang.Object, int, int, int, int)'> (0x000000008c3dc500) 
thrown [s\src\hotspot\share\interpreter\linkResolver.cpp, line 784]
Event: 1.246 Thread 0x000001b4287a4ec0 Exception <a 'java/lang/NoSuchMethodError'{0x000000008c284b40}: 'java.lang.Object java.lang.invoke.DirectMethodHandle$Holder.invokeStaticInit(java.lang.Object, java.lang.Object, int, int, int, int)'> (0x000000008c284b40) 
thrown [s\src\hotspot\share\interpreter\linkResolver.cpp, line 784]
Event: 1.328 Thread 0x000001b4287a4ec0 Exception <a 'java/io/IOException'{0x000000008bfe6918}> (0x000000008bfe6918) 
thrown [s\src\hotspot\share\prims\jni.cpp, line 535]
Event: 1.331 Thread 0x000001b4287a4ec0 Implicit null exception at 0x000001b4356a75a4 to 0x000001b4356a7bf4
Event: 1.398 Thread 0x000001b4498dd350 Exception <a 'java/lang/NoSuchMethodError'{0x000000008bb43fa8}: 'void java.lang.invoke.DirectMethodHandle$Holder.invokeSpecial(java.lang.Object, java.lang.Object, java.lang.Object)'> (0x000000008bb43fa8) 
thrown [s\src\hotspot\share\interpreter\linkResolver.cpp, line 784]
Event: 1.440 Thread 0x000001b449677080 Exception <a 'java/lang/NoSuchMethodError'{0x000000008b7e8270}: 'long java.lang.invoke.DirectMethodHandle$Holder.invokeInterface(java.lang.Object, java.lang.Object)'> (0x000000008b7e8270) 
thrown [s\src\hotspot\share\interpreter\linkResolver.cpp, line 784]

ZGC Phase Switch (0 events):
No events

VM Operations (20 events):
Event: 1.133 Executing VM operation: HandshakeAllThreads (Deoptimize) done
Event: 1.135 Executing VM operation: HandshakeAllThreads (Deoptimize)
Event: 1.135 Executing VM operation: HandshakeAllThreads (Deoptimize) done
Event: 1.136 Executing VM operation: HandshakeAllThreads (Deoptimize)
Event: 1.136 Executing VM operation: HandshakeAllThreads (Deoptimize) done
Event: 1.167 Executing VM operation: HandshakeAllThreads (Deoptimize)
Event: 1.167 Executing VM operation: HandshakeAllThreads (Deoptimize) done
Event: 1.188 Executing VM operation: HandshakeAllThreads (Deoptimize)
Event: 1.188 Executing VM operation: HandshakeAllThreads (Deoptimize) done
Event: 1.211 Executing VM operation: HandshakeAllThreads (Deoptimize)
Event: 1.212 Executing VM operation: HandshakeAllThreads (Deoptimize) done
Event: 1.241 Executing VM operation: HandshakeAllThreads (Deoptimize)
Event: 1.241 Executing VM operation: HandshakeAllThreads (Deoptimize) done
Event: 1.247 Executing VM operation: ICBufferFull
Event: 1.247 Executing VM operation: ICBufferFull done
Event: 1.304 Executing VM operation: HandshakeAllThreads (Deoptimize)
Event: 1.304 Executing VM operation: HandshakeAllThreads (Deoptimize) done
Event: 1.343 Executing VM operation: HandshakeAllThreads (Deoptimize)
Event: 1.343 Executing VM operation: HandshakeAllThreads (Deoptimize) done
Event: 1.456 Executing VM operation: CollectForMetadataAllocation (Metadata GC Threshold)

Events (20 events):
Event: 0.189 Thread 0x000001b44332f680 Thread added: 0x000001b44332f680
Event: 0.261 Loaded shared library C:\Program Files\Android\Android Studio\jbr\bin\jimage.dll
Event: 0.261 Thread 0x000001b4433b05f0 Thread added: 0x000001b4433b05f0
Event: 0.261 Thread 0x000001b4433b0ca0 Thread added: 0x000001b4433b0ca0
Event: 0.441 Loaded shared library C:\Users\Eagle\.gradle\native\c067742578af261105cb4f569cf0c3c89f3d7b1fecec35dd04571415982c5e48\windows-amd64\native-platform.dll
Event: 0.445 Loaded shared library C:\Users\Eagle\.gradle\native\100fb08df4bc3b14c8652ba06237920a3bd2aa13389f12d3474272988ae205f9\windows-amd64\native-platform-file-events.dll
Event: 0.480 Thread 0x000001b4489dfa70 Thread added: 0x000001b4489dfa70
Event: 1.109 Loaded shared library C:\Program Files\Android\Android Studio\jbr\bin\management.dll
Event: 1.111 Loaded shared library C:\Program Files\Android\Android Studio\jbr\bin\management_ext.dll
Event: 1.136 Thread 0x000001b44940cb10 Thread added: 0x000001b44940cb10
Event: 1.255 Loaded shared library C:\Program Files\Android\Android Studio\jbr\bin\extnet.dll
Event: 1.278 Thread 0x000001b4493c90f0 Thread added: 0x000001b4493c90f0
Event: 1.335 Thread 0x000001b4494b03e0 Thread added: 0x000001b4494b03e0
Event: 1.368 Thread 0x000001b4498dd350 Thread added: 0x000001b4498dd350
Event: 1.370 Thread 0x000001b449548300 Thread added: 0x000001b449548300
Event: 1.393 Thread 0x000001b4498fff20 Thread added: 0x000001b4498fff20
Event: 1.399 Thread 0x000001b449677080 Thread added: 0x000001b449677080
Event: 1.406 Thread 0x000001b449677da0 Thread added: 0x000001b449677da0
Event: 1.410 Thread 0x000001b4496769f0 Thread added: 0x000001b4496769f0
Event: 1.412 Thread 0x000001b449678430 Thread added: 0x000001b449678430


Dynamic libraries:
0x00007ff7d4980000 - 0x00007ff7d498a000 	C:\Program Files\Android\Android Studio\jbr\bin\java.exe
0x00007ff9fe690000 - 0x00007ff9fe888000 	C:\WINDOWS\SYSTEM32\ntdll.dll
0x00007ff9fd520000 - 0x00007ff9fd5e2000 	C:\WINDOWS\System32\KERNEL32.DLL
0x00007ff9fbd30000 - 0x00007ff9fc02f000 	C:\WINDOWS\System32\KERNELBASE.dll
0x00007ff9fc030000 - 0x00007ff9fc130000 	C:\WINDOWS\System32\ucrtbase.dll
0x00007ff9f7970000 - 0x00007ff9f798b000 	C:\Program Files\Android\Android Studio\jbr\bin\VCRUNTIME140.dll
0x00007ff9f5b10000 - 0x00007ff9f5b28000 	C:\Program Files\Android\Android Studio\jbr\bin\jli.dll
0x00007ff9fc6b0000 - 0x00007ff9fc84d000 	C:\WINDOWS\System32\USER32.dll
0x00007ff9eb9f0000 - 0x00007ff9ebc8a000 	C:\WINDOWS\WinSxS\amd64_microsoft.windows.common-controls_6595b64144ccf1df_6.0.19041.4355_none_60b8b9eb71f62e16\COMCTL32.dll
0x00007ff9fc360000 - 0x00007ff9fc382000 	C:\WINDOWS\System32\win32u.dll
0x00007ff9fe4b0000 - 0x00007ff9fe4db000 	C:\WINDOWS\System32\GDI32.dll
0x00007ff9fe5b0000 - 0x00007ff9fe64e000 	C:\WINDOWS\System32\msvcrt.dll
0x00007ff9fc390000 - 0x00007ff9fc4aa000 	C:\WINDOWS\System32\gdi32full.dll
0x00007ff9fc2c0000 - 0x00007ff9fc35d000 	C:\WINDOWS\System32\msvcp_win.dll
0x00007ff9fd190000 - 0x00007ff9fd1bf000 	C:\WINDOWS\System32\IMM32.DLL
0x00007ff9f81a0000 - 0x00007ff9f81ac000 	C:\Program Files\Android\Android Studio\jbr\bin\vcruntime140_1.dll
0x00007ff9b6f00000 - 0x00007ff9b6f8d000 	C:\Program Files\Android\Android Studio\jbr\bin\msvcp140.dll
0x00007ff9617c0000 - 0x00007ff96243d000 	C:\Program Files\Android\Android Studio\jbr\bin\server\jvm.dll
0x00007ff9fda20000 - 0x00007ff9fdacf000 	C:\WINDOWS\System32\ADVAPI32.dll
0x00007ff9fc8d0000 - 0x00007ff9fc96f000 	C:\WINDOWS\System32\sechost.dll
0x00007ff9fd1c0000 - 0x00007ff9fd2e3000 	C:\WINDOWS\System32\RPCRT4.dll
0x00007ff9fc290000 - 0x00007ff9fc2b7000 	C:\WINDOWS\System32\bcrypt.dll
0x00007ff9fd9b0000 - 0x00007ff9fda1b000 	C:\WINDOWS\System32\WS2_32.dll
0x00007ff9f5bd0000 - 0x00007ff9f5bda000 	C:\WINDOWS\SYSTEM32\VERSION.dll
0x00007ff9fb270000 - 0x00007ff9fb2bb000 	C:\WINDOWS\SYSTEM32\POWRPROF.dll
0x00007ff9f0710000 - 0x00007ff9f0737000 	C:\WINDOWS\SYSTEM32\WINMM.dll
0x00007ff9fb130000 - 0x00007ff9fb142000 	C:\WINDOWS\SYSTEM32\UMPDC.dll
0x00007ff9f9bb0000 - 0x00007ff9f9bc2000 	C:\WINDOWS\SYSTEM32\kernel.appcore.dll
0x00007ff9f79e0000 - 0x00007ff9f79ea000 	C:\Program Files\Android\Android Studio\jbr\bin\jimage.dll
0x00007ff9efdd0000 - 0x00007ff9effb4000 	C:\WINDOWS\SYSTEM32\DBGHELP.DLL
0x00007ff9e6ab0000 - 0x00007ff9e6ae4000 	C:\WINDOWS\SYSTEM32\dbgcore.DLL
0x00007ff9fc620000 - 0x00007ff9fc6a2000 	C:\WINDOWS\System32\bcryptPrimitives.dll
0x00007ff9eb590000 - 0x00007ff9eb59e000 	C:\Program Files\Android\Android Studio\jbr\bin\instrument.dll
0x00007ff9f78b0000 - 0x00007ff9f78cf000 	C:\Program Files\Android\Android Studio\jbr\bin\java.dll
0x00007ff9f2a40000 - 0x00007ff9f2a58000 	C:\Program Files\Android\Android Studio\jbr\bin\zip.dll
0x00007ff9fc970000 - 0x00007ff9fd0dd000 	C:\WINDOWS\System32\SHELL32.dll
0x00007ff9f9db0000 - 0x00007ff9fa554000 	C:\WINDOWS\SYSTEM32\windows.storage.dll
0x00007ff9fd5f0000 - 0x00007ff9fd945000 	C:\WINDOWS\System32\combase.dll
0x00007ff9fb760000 - 0x00007ff9fb78f000 	C:\WINDOWS\SYSTEM32\Wldp.dll
0x00007ff9fe4e0000 - 0x00007ff9fe5ad000 	C:\WINDOWS\System32\OLEAUT32.dll
0x00007ff9fe0b0000 - 0x00007ff9fe15d000 	C:\WINDOWS\System32\SHCORE.dll
0x00007ff9fe160000 - 0x00007ff9fe1b5000 	C:\WINDOWS\System32\shlwapi.dll
0x00007ff9fbc60000 - 0x00007ff9fbc84000 	C:\WINDOWS\SYSTEM32\profapi.dll
0x00007ff9f2a30000 - 0x00007ff9f2a40000 	C:\Program Files\Android\Android Studio\jbr\bin\net.dll
0x00007ff9f49e0000 - 0x00007ff9f4aea000 	C:\WINDOWS\SYSTEM32\WINHTTP.dll
0x00007ff9fb4c0000 - 0x00007ff9fb52c000 	C:\WINDOWS\system32\mswsock.dll
0x00007ff9eb4b0000 - 0x00007ff9eb4c6000 	C:\Program Files\Android\Android Studio\jbr\bin\nio.dll
0x00007ff9eb420000 - 0x00007ff9eb430000 	C:\Program Files\Android\Android Studio\jbr\bin\verify.dll
0x00007ff9e9ee0000 - 0x00007ff9e9f07000 	C:\Users\Eagle\.gradle\native\c067742578af261105cb4f569cf0c3c89f3d7b1fecec35dd04571415982c5e48\windows-amd64\native-platform.dll
0x00007ff98f060000 - 0x00007ff98f1a4000 	C:\Users\Eagle\.gradle\native\100fb08df4bc3b14c8652ba06237920a3bd2aa13389f12d3474272988ae205f9\windows-amd64\native-platform-file-events.dll
0x00007ff9eb4a0000 - 0x00007ff9eb4a9000 	C:\Program Files\Android\Android Studio\jbr\bin\management.dll
0x00007ff9eb490000 - 0x00007ff9eb49b000 	C:\Program Files\Android\Android Studio\jbr\bin\management_ext.dll
0x00007ff9fe380000 - 0x00007ff9fe388000 	C:\WINDOWS\System32\PSAPI.DLL
0x00007ff9fb6b0000 - 0x00007ff9fb6c8000 	C:\WINDOWS\SYSTEM32\CRYPTSP.dll
0x00007ff9fad70000 - 0x00007ff9fada4000 	C:\WINDOWS\system32\rsaenh.dll
0x00007ff9fbc20000 - 0x00007ff9fbc4e000 	C:\WINDOWS\SYSTEM32\USERENV.dll
0x00007ff9fb6d0000 - 0x00007ff9fb6dc000 	C:\WINDOWS\SYSTEM32\CRYPTBASE.dll
0x00007ff9fb150000 - 0x00007ff9fb18b000 	C:\WINDOWS\SYSTEM32\IPHLPAPI.DLL
0x00007ff9fdc20000 - 0x00007ff9fdc28000 	C:\WINDOWS\System32\NSI.dll
0x00007ff9eb530000 - 0x00007ff9eb539000 	C:\Program Files\Android\Android Studio\jbr\bin\extnet.dll
0x00007ff9f2930000 - 0x00007ff9f2937000 	C:\WINDOWS\system32\wshunix.dll

dbghelp: loaded successfully - version: 4.0.5 - missing functions: none
symbol engine: initialized successfully - sym options: 0x614 - pdb path: .;C:\Program Files\Android\Android Studio\jbr\bin;C:\WINDOWS\SYSTEM32;C:\WINDOWS\WinSxS\amd64_microsoft.windows.common-controls_6595b64144ccf1df_6.0.19041.4355_none_60b8b9eb71f62e16;C:\Program Files\Android\Android Studio\jbr\bin\server;C:\Users\Eagle\.gradle\native\c067742578af261105cb4f569cf0c3c89f3d7b1fecec35dd04571415982c5e48\windows-amd64;C:\Users\Eagle\.gradle\native\100fb08df4bc3b14c8652ba06237920a3bd2aa13389f12d3474272988ae205f9\windows-amd64

VM Arguments:
jvm_args: --add-opens=java.base/java.util=ALL-UNNAMED --add-opens=java.base/java.lang=ALL-UNNAMED --add-opens=java.base/java.lang.invoke=ALL-UNNAMED --add-opens=java.prefs/java.util.prefs=ALL-UNNAMED --add-exports=jdk.compiler/com.sun.tools.javac.api=ALL-UNNAMED --add-exports=jdk.compiler/com.sun.tools.javac.util=ALL-UNNAMED --add-opens=java.base/java.nio.charset=ALL-UNNAMED --add-opens=java.base/java.net=ALL-UNNAMED --add-opens=java.base/java.util.concurrent.atomic=ALL-UNNAMED -Xmx2048m -Dfile.encoding=UTF-8 -Duser.country=RU -Duser.language=ru -Duser.variant -javaagent:C:\Users\Eagle\.gradle\wrapper\dists\gradle-8.9-bin\90cnw93cvbtalezasaz0blq0a\gradle-8.9\lib\agents\gradle-instrumentation-agent-8.9.jar 
java_command: org.gradle.launcher.daemon.bootstrap.GradleDaemon 8.9
java_class_path (initial): C:\Users\Eagle\.gradle\wrapper\dists\gradle-8.9-bin\90cnw93cvbtalezasaz0blq0a\gradle-8.9\lib\gradle-daemon-main-8.9.jar
Launcher Type: SUN_STANDARD

[Global flags]
     intx CICompilerCount                          = 12                                        {product} {ergonomic}
     uint ConcGCThreads                            = 3                                         {product} {ergonomic}
     uint G1ConcRefinementThreads                  = 13                                        {product} {ergonomic}
   size_t G1HeapRegionSize                         = 1048576                                   {product} {ergonomic}
    uintx GCDrainStackTargetSize                   = 64                                        {product} {ergonomic}
   size_t InitialHeapSize                          = 260046848                                 {product} {ergonomic}
   size_t MarkStackSize                            = 4194304                                   {product} {ergonomic}
   size_t MaxHeapSize                              = 2147483648                                {product} {command line}
   size_t MaxNewSize                               = 1287651328                                {product} {ergonomic}
   size_t MinHeapDeltaBytes                        = 1048576                                   {product} {ergonomic}
   size_t MinHeapSize                              = 8388608                                   {product} {ergonomic}
    uintx NonNMethodCodeHeapSize                   = 7602480                                {pd product} {ergonomic}
    uintx NonProfiledCodeHeapSize                  = 122027880                              {pd product} {ergonomic}
    uintx ProfiledCodeHeapSize                     = 122027880                              {pd product} {ergonomic}
    uintx ReservedCodeCacheSize                    = 251658240                              {pd product} {ergonomic}
     bool SegmentedCodeCache                       = true                                      {product} {ergonomic}
   size_t SoftMaxHeapSize                          = 2147483648                             {manageable} {ergonomic}
     bool UseCompressedOops                        = true                           {product lp64_product} {ergonomic}
     bool UseG1GC                                  = true                                      {product} {ergonomic}
     bool UseLargePagesIndividualAllocation        = false                                  {pd product} {ergonomic}

Logging:
Log output configuration:
 #0: stdout all=warning uptime,level,tags foldmultilines=false
 #1: stderr all=off uptime,level,tags foldmultilines=false

Environment Variables:
PATH=C:\Python312\Scripts\;C:\Python312\;C:\ProgramData\Oracle\Java\javapath;C:\Windows\system32;C:\Windows;C:\Windows\System32\Wbem;C:\Windows\System32\WindowsPowerShell\v1.0\;C:\Windows\System32\OpenSSH\;C:\Program Files (x86)\NVIDIA Corporation\PhysX\Common;C:\Program Files\Microsoft SQL Server\130\Tools\Binn\;C:\Program Files\dotnet\;C:\WINDOWS\system32;C:\WINDOWS;C:\WINDOWS\System32\Wbem;C:\WINDOWS\System32\WindowsPowerShell\v1.0\;C:\WINDOWS\System32\OpenSSH\;C:\Program Files (x86)\IDEMIA\AWP\Dlls;C:\Program Files\IDEMIA\AWP\Dlls;E:\;C:\ProgramData\chocolatey\bin;C:\Program Files\NVIDIA Corporation\NVIDIA app\NvDLISR;C:\Program Files\Git\cmd;C:\Users\Eagle\AppData\Local\Programs\Python\Python39\Scripts\;C:\Users\Eagle\AppData\Local\Programs\Python\Python39\;C:\Users\Eagle\AppData\Local\Microsoft\WindowsApps;;C:\Program Files\JetBrains\PyCharm Community Edition 2021.2.2\bin;;C:\Users\Eagle\.dotnet\tools;C:\Users\Eagle\AppData\Roaming\npm
USERNAME=Eagle
OS=Windows_NT
PROCESSOR_IDENTIFIER=AMD64 Family 23 Model 96 Stepping 1, AuthenticAMD
TMP=C:\Users\Eagle\AppData\Local\Temp
TEMP=C:\Users\Eagle\AppData\Local\Temp




Periodic native trim disabled

JNI global refs:
JNI global refs: 32, weak refs: 0

JNI global refs memory usage: 835, weak refs: 833

Process memory usage:
Resident Set Size: 173736K (1% of 16168612K total physical memory with 3478656K free physical memory)

OOME stack traces (most recent first):
Classloader memory used:
Loader bootstrap                                                                       : 15255K
Loader org.gradle.internal.classloader.VisitableURLClassLoader                         : 5234K
Loader org.gradle.initialization.MixInLegacyTypesClassLoader                           : 308K
Loader jdk.internal.loader.ClassLoaders$AppClassLoader                                 : 230K
Loader jdk.internal.loader.ClassLoaders$PlatformClassLoader                            : 146K

Classes loaded by more than one classloader:
Class org.gradle.internal.classloader.FilteringClassLoader                            : loaded 2 times (x 102B)
Class org.gradle.internal.classloader.ClassLoaderHierarchy                            : loaded 2 times (x 67B)
Class org.gradle.api.internal.classpath.ManifestUtil                                  : loaded 2 times (x 68B)
Class org.gradle.internal.classloader.ClassLoaderVisitor                              : loaded 2 times (x 73B)
Class org.gradle.api.internal.classpath.EffectiveClassPath                            : loaded 2 times (x 87B)
Class org.gradle.api.internal.DefaultClassPathProvider                                : loaded 2 times (x 73B)
Class [Lorg.gradle.api.internal.ClassPathProvider;                                    : loaded 2 times (x 66B)
Class org.gradle.api.internal.ClassPathProvider                                       : loaded 2 times (x 67B)
Class org.gradle.internal.service.UnknownServiceException                             : loaded 2 times (x 80B)
Class org.gradle.internal.classpath.TransformedClassPath                              : loaded 2 times (x 93B)
Class org.gradle.internal.service.ServiceLocator                                      : loaded 2 times (x 67B)
Class org.gradle.internal.InternalTransformer                                         : loaded 2 times (x 67B)
Class org.gradle.internal.classloader.ClasspathUtil$1                                 : loaded 2 times (x 73B)
Class org.gradle.api.internal.classpath.DefaultModuleRegistry$DefaultModule           : loaded 2 times (x 83B)
Class org.gradle.api.internal.classpath.Module                                        : loaded 2 times (x 67B)
Class org.gradle.api.internal.classpath.UnknownModuleException                        : loaded 2 times (x 79B)
Class org.gradle.api.internal.DefaultClassPathRegistry                                : loaded 2 times (x 73B)
Class org.gradle.api.internal.ClassPathRegistry                                       : loaded 2 times (x 67B)
Class org.gradle.internal.classpath.DefaultClassPath$ImmutableUniqueList              : loaded 2 times (x 196B)
Class org.gradle.internal.classpath.ClassPath                                         : loaded 2 times (x 67B)
Class org.gradle.api.UncheckedIOException                                             : loaded 2 times (x 79B)
Class org.gradle.internal.installation.GradleInstallation$1                           : loaded 2 times (x 72B)
Class org.gradle.api.internal.classpath.ModuleRegistry                                : loaded 2 times (x 67B)
Class org.gradle.api.internal.classpath.DefaultModuleRegistry                         : loaded 2 times (x 80B)
Class org.gradle.internal.service.ServiceLookupException                              : loaded 2 times (x 79B)
Class org.gradle.internal.classloader.ClassLoaderFactory                              : loaded 2 times (x 67B)
Class org.gradle.internal.service.CachingServiceLocator                               : loaded 2 times (x 79B)
Class org.gradle.internal.classloader.ClasspathUtil                                   : loaded 2 times (x 68B)
Class org.gradle.api.specs.Spec                                                       : loaded 2 times (x 67B)
Class org.gradle.internal.classloader.VisitableURLClassLoader$InstrumentingVisitableURLClassLoader: loaded 2 times (x 120B)
Class org.gradle.internal.classloader.VisitableURLClassLoader$Spec                    : loaded 2 times (x 71B)
Class org.gradle.internal.classpath.DefaultClassPath                                  : loaded 2 times (x 87B)
Class org.gradle.internal.classloader.ClassLoaderSpec                                 : loaded 2 times (x 68B)
Class org.gradle.internal.classloader.VisitableURLClassLoader                         : loaded 2 times (x 114B)
Class org.gradle.internal.Cast                                                        : loaded 2 times (x 68B)
Class org.gradle.api.Action                                                           : loaded 2 times (x 67B)
Class org.gradle.internal.agents.InstrumentingClassLoader                             : loaded 2 times (x 67B)
Class org.gradle.internal.classpath.DefaultClassPath$ImmutableUniqueList$Builder      : loaded 2 times (x 72B)
Class org.gradle.api.GradleException                                                  : loaded 2 times (x 79B)
Class org.gradle.internal.IoActions                                                   : loaded 2 times (x 68B)
Class org.gradle.internal.classloader.SystemClassLoaderSpec                           : loaded 2 times (x 68B)
Class org.gradle.internal.installation.CurrentGradleInstallationLocator               : loaded 2 times (x 68B)
Class org.gradle.internal.service.DefaultServiceLocator                               : loaded 2 times (x 80B)
Class org.gradle.internal.installation.CurrentGradleInstallation                      : loaded 2 times (x 70B)
Class org.gradle.util.internal.GUtil                                                  : loaded 2 times (x 68B)
Class org.gradle.internal.installation.GradleInstallation                             : loaded 2 times (x 72B)

---------------  S Y S T E M  ---------------

OS:
 Windows 10 , 64 bit Build 19041 (10.0.19041.5438)
OS uptime: 3 days 7:23 hours

CPU: total 16 (initial active 16) (16 cores per cpu, 2 threads per core) family 23 model 96 stepping 1 microcode 0x0, cx8, cmov, fxsr, ht, mmx, 3dnowpref, sse, sse2, sse3, ssse3, sse4a, sse4.1, sse4.2, popcnt, lzcnt, tsc, tscinvbit, avx, avx2, aes, clmul, bmi1, bmi2, adx, sha, fma, vzeroupper, clflush, clflushopt, rdtscp, rdpid, f16c
Processor Information for all 16 processors :
  Max Mhz: 3300, Current Mhz: 3300, Mhz Limit: 3300

Memory: 4k page, system-wide physical 15789M (3397M free)
TotalPageFile size 17837M (AvailPageFile size 5M)
current process WorkingSet (physical memory assigned to process): 169M, peak: 169M
current process commit charge ("private bytes"): 388M, peak: 389M

vm_info: OpenJDK 64-Bit Server VM (21.0.3+-12282718-b509.11) for windows-amd64 JRE (21.0.3+-12282718-b509.11), built on 2024-08-27T17:34:15Z by "builder" with MS VC++ 16.10 / 16.11 (VS2019)

END.
